2022-06-26 17:12:37,683:DEBUG:Database Loaded
2022-06-26 17:14:14,496:DEBUG:Database Loaded
2022-06-26 17:14:14,711:DEBUG:Database Pre-Processing id Done 
2022-06-26 17:14:14,852:DEBUG:Execution of Model.py is finished 
2022-06-26 17:14:57,318:DEBUG: Database Loaded 
2022-06-26 17:14:57,537:DEBUG: Database Pre-Processing Done 
2022-06-26 17:14:57,667:DEBUG: Execution of Model.py is finished 
2022-06-26 17:19:32,829:DEBUG: Model.py File execution started 
2022-06-26 17:19:32,877:DEBUG: Database Loaded 
2022-06-26 17:19:33,103:DEBUG: Database Pre-Processing Done 
2022-06-26 17:19:33,244:DEBUG: Execution of Model.py is finished 
2022-06-27 07:27:02,168:DEBUG: Model.py File execution started 
2022-06-27 07:27:02,218:DEBUG: Database Loaded 
2022-06-27 07:27:02,438:DEBUG: Database Pre-Processing Done 
2022-06-27 07:27:02,589:DEBUG: Execution of Model.py is finished 
2022-06-27 07:28:54,833:DEBUG: Model.py File execution started 
2022-06-27 07:28:54,911:DEBUG: Database Loaded 
2022-06-27 07:28:55,131:DEBUG: Database Pre-Processing Done 
2022-06-27 07:28:55,273:DEBUG: Execution of Model.py is finished 
2022-06-27 07:31:13,887:DEBUG: Model.py File execution started 
2022-06-27 07:31:13,935:DEBUG: Database Loaded 
2022-06-27 07:31:14,171:DEBUG: Database Pre-Processing Done 
2022-06-27 07:31:14,281:DEBUG: Execution of Model.py is finished 
2022-06-27 07:32:38,787:DEBUG: Model.py File execution started 
2022-06-27 07:32:38,834:DEBUG: Database Loaded 
2022-06-27 07:32:39,058:DEBUG: Database Pre-Processing Done 
2022-06-27 07:32:39,215:DEBUG: Execution of Model.py is finished 
2022-06-27 11:09:13,044:DEBUG: Model.py File execution started 
2022-06-27 11:09:13,090:DEBUG: Database Loaded 
2022-06-27 11:09:13,262:DEBUG: Database Pre-Processing Done 
2022-06-27 11:09:13,372:DEBUG: Execution of Model.py is finished 
2022-06-27 11:18:52,219:DEBUG: Model.py File execution started 
2022-06-27 11:18:52,295:DEBUG: Database Loaded 
2022-06-27 11:18:52,482:DEBUG: Database Pre-Processing Done 
2022-06-27 11:18:52,607:DEBUG: Execution of Model.py is finished 
2022-06-27 16:49:17,339:DEBUG: Model.py File execution started 
2022-06-27 16:49:17,386:DEBUG: Database Loaded 
2022-06-27 16:49:17,639:DEBUG: Database Pre-Processing Done 
2022-06-27 16:49:17,781:DEBUG: Execution of Model.py is finished 
2022-06-27 16:49:28,779:DEBUG: app.py File execution started 
2022-06-27 16:49:29,619:DEBUG: prediction function loaded 
2022-06-27 16:49:29,649:INFO: * Restarting with watchdog (windowsapi)
2022-06-27 16:49:29,944:DEBUG: app.py File execution started 
2022-06-27 16:49:30,735:DEBUG: prediction function loaded 
2022-06-27 16:49:30,735:WARNING: * Debugger is active!
2022-06-27 16:49:30,751:INFO: * Debugger PIN: 445-806-384
2022-06-27 16:49:30,799:INFO: * Running on http://127.0.0.1:5000/ (Press CTRL+C to quit)
2022-06-27 16:49:38,634:INFO:127.0.0.1 - - [27/Jun/2022 16:49:38] "GET / HTTP/1.1" 200 -
2022-06-27 16:49:38,985:INFO:127.0.0.1 - - [27/Jun/2022 16:49:38] "[33mGET /favicon.ico HTTP/1.1[0m" 404 -
2022-06-27 16:53:30,531:INFO:127.0.0.1 - - [27/Jun/2022 16:53:30] "POST /result HTTP/1.1" 200 -
2022-06-27 16:53:40,991:INFO:127.0.0.1 - - [27/Jun/2022 16:53:40] "POST /result HTTP/1.1" 200 -
2022-06-27 17:42:14,227:DEBUG: Model.py File execution started 
2022-06-27 17:42:31,711:DEBUG: Database Loaded 
2022-06-27 17:42:32,598:DEBUG: Database Pre-Processing Done 
2022-06-27 17:42:33,106:DEBUG: Execution of Model.py is finished 
2022-06-27 17:43:49,062:DEBUG: Model.py File execution started 
2022-06-27 17:43:49,124:DEBUG: Database Loaded 
2022-06-27 17:43:49,344:DEBUG: Database Pre-Processing Done 
2022-06-27 17:43:49,485:DEBUG: Execution of Model.py is finished 
2022-06-27 17:43:57,556:DEBUG: app.py File execution started 
2022-06-27 17:43:58,284:DEBUG: prediction function loaded 
2022-06-27 17:43:58,334:INFO: * Restarting with watchdog (windowsapi)
2022-06-27 17:43:58,653:DEBUG: app.py File execution started 
2022-06-27 17:43:59,487:DEBUG: prediction function loaded 
2022-06-27 17:43:59,503:WARNING: * Debugger is active!
2022-06-27 17:43:59,503:INFO: * Debugger PIN: 445-806-384
2022-06-27 17:43:59,568:INFO: * Running on http://127.0.0.1:5000/ (Press CTRL+C to quit)
2022-06-27 17:44:02,694:INFO:127.0.0.1 - - [27/Jun/2022 17:44:02] "GET / HTTP/1.1" 200 -
2022-06-27 17:44:02,995:INFO:127.0.0.1 - - [27/Jun/2022 17:44:02] "[33mGET /favicon.ico HTTP/1.1[0m" 404 -
2022-06-27 17:44:46,986:INFO:127.0.0.1 - - [27/Jun/2022 17:44:46] "POST /result HTTP/1.1" 200 -
2022-06-27 17:45:59,824:INFO: * Detected change in 'C:\\Users\\Devansh\\anaconda3\\Lib\\site-packages\\numpy\\__init__.py', reloading
2022-06-27 17:46:01,123:INFO: * Restarting with watchdog (windowsapi)
2022-06-27 17:46:01,425:DEBUG: app.py File execution started 
2022-06-27 17:46:02,441:DEBUG: prediction function loaded 
2022-06-27 17:46:02,449:WARNING: * Debugger is active!
2022-06-27 17:46:02,457:INFO: * Debugger PIN: 445-806-384
2022-06-27 17:46:02,503:INFO: * Running on http://127.0.0.1:5000/ (Press CTRL+C to quit)
2022-06-27 17:46:04,548:INFO: * Restarting with watchdog (windowsapi)
2022-06-27 17:46:04,827:DEBUG: app.py File execution started 
2022-06-27 17:46:05,816:DEBUG: prediction function loaded 
2022-06-27 17:46:05,825:WARNING: * Debugger is active!
2022-06-27 17:46:05,825:INFO: * Debugger PIN: 445-806-384
2022-06-27 17:46:05,883:INFO: * Running on http://127.0.0.1:5000/ (Press CTRL+C to quit)
2022-06-27 17:49:06,313:INFO: * Detected change in 'C:\\Users\\Devansh\\anaconda3\\Lib\\site-packages\\numpy\\core\\overrides.py', reloading
2022-06-27 17:49:07,470:INFO: * Restarting with watchdog (windowsapi)
2022-06-27 17:49:07,804:DEBUG: app.py File execution started 
2022-06-27 17:49:08,764:DEBUG: prediction function loaded 
2022-06-27 17:49:08,780:WARNING: * Debugger is active!
2022-06-27 17:49:08,780:INFO: * Debugger PIN: 445-806-384
2022-06-27 17:49:08,844:INFO: * Running on http://127.0.0.1:5000/ (Press CTRL+C to quit)
2022-06-27 17:49:10,393:DEBUG: Model.py File execution started 
2022-06-28 18:27:11,984:DEBUG: Model.py File execution started 
2022-06-28 18:27:12,052:DEBUG: Database Loaded 
2022-06-28 18:27:12,284:DEBUG: Database Pre-Processing Done 
2022-06-28 18:28:16,680:DEBUG: Execution of Model.py is finished 
2022-06-28 18:28:44,909:DEBUG: app.py File execution started 
2022-06-28 18:28:45,722:DEBUG: prediction function loaded 
2022-06-28 18:28:45,753:INFO: * Restarting with watchdog (windowsapi)
2022-06-28 18:28:46,069:DEBUG: app.py File execution started 
2022-06-28 18:28:46,803:DEBUG: prediction function loaded 
2022-06-28 18:28:46,819:WARNING: * Debugger is active!
2022-06-28 18:28:46,819:INFO: * Debugger PIN: 445-806-384
2022-06-28 18:28:46,876:INFO: * Running on http://127.0.0.1:5000/ (Press CTRL+C to quit)
2022-06-28 18:29:04,406:INFO:127.0.0.1 - - [28/Jun/2022 18:29:04] "GET / HTTP/1.1" 200 -
2022-06-28 18:29:04,726:INFO:127.0.0.1 - - [28/Jun/2022 18:29:04] "[36mGET /static/css/neumorphism.css HTTP/1.1[0m" 304 -
2022-06-28 18:29:06,135:INFO:127.0.0.1 - - [28/Jun/2022 18:29:06] "[33mGET /favicon.ico HTTP/1.1[0m" 404 -
2022-06-28 18:30:01,965:INFO:127.0.0.1 - - [28/Jun/2022 18:30:01] "POST /result HTTP/1.1" 200 -
2022-06-28 18:30:50,073:INFO:127.0.0.1 - - [28/Jun/2022 18:30:50] "POST /result HTTP/1.1" 200 -
2022-06-29 13:01:08,245:DEBUG: Model.py File execution started 
2022-06-29 13:01:08,316:DEBUG: Database Loaded 
2022-06-29 13:01:08,600:DEBUG: Database Pre-Processing Done 
2022-06-29 13:04:53,992:DEBUG: Model.py File execution started 
2022-06-29 13:04:54,041:DEBUG: Database Loaded 
2022-06-29 13:04:54,238:DEBUG: Database Pre-Processing Done 
2022-06-29 13:06:40,750:DEBUG: Execution of Model.py is finished 
2022-06-29 13:06:53,126:DEBUG: app.py File execution started 
2022-06-29 13:06:53,845:DEBUG: prediction function loaded 
2022-06-29 13:06:53,860:INFO: * Restarting with watchdog (windowsapi)
2022-06-29 13:06:54,122:DEBUG: app.py File execution started 
2022-06-29 13:06:54,950:DEBUG: prediction function loaded 
2022-06-29 13:06:54,966:WARNING: * Debugger is active!
2022-06-29 13:06:54,966:INFO: * Debugger PIN: 445-806-384
2022-06-29 13:06:55,008:INFO: * Running on http://127.0.0.1:5000/ (Press CTRL+C to quit)
2022-06-29 13:07:08,714:INFO:127.0.0.1 - - [29/Jun/2022 13:07:08] "GET / HTTP/1.1" 200 -
2022-06-29 13:07:09,732:INFO:127.0.0.1 - - [29/Jun/2022 13:07:09] "[36mGET /static/css/neumorphism.css HTTP/1.1[0m" 304 -
2022-06-29 13:07:09,955:INFO:127.0.0.1 - - [29/Jun/2022 13:07:09] "[33mGET /favicon.ico HTTP/1.1[0m" 404 -
2022-06-29 13:07:39,675:INFO:127.0.0.1 - - [29/Jun/2022 13:07:39] "POST /result HTTP/1.1" 200 -
2022-06-29 13:38:00,323:DEBUG: Model.py File execution started 
2022-06-29 13:38:00,382:DEBUG: Database Loaded 
2022-06-29 13:38:00,629:DEBUG: Database Pre-Processing Done 
2022-06-29 13:39:54,566:DEBUG: Execution of Model.py is finished 
2022-06-29 13:40:06,361:DEBUG: app.py File execution started 
2022-06-29 13:40:07,225:DEBUG: prediction function loaded 
2022-06-29 13:40:07,245:INFO: * Restarting with watchdog (windowsapi)
2022-06-29 13:40:07,571:DEBUG: app.py File execution started 
2022-06-29 13:40:08,415:DEBUG: prediction function loaded 
2022-06-29 13:40:08,421:WARNING: * Debugger is active!
2022-06-29 13:40:08,423:INFO: * Debugger PIN: 445-806-384
2022-06-29 13:40:08,466:INFO: * Running on http://127.0.0.1:5000/ (Press CTRL+C to quit)
2022-06-29 13:40:16,181:INFO:127.0.0.1 - - [29/Jun/2022 13:40:16] "GET / HTTP/1.1" 200 -
2022-06-29 13:40:18,385:INFO:127.0.0.1 - - [29/Jun/2022 13:40:18] "[33mGET /favicon.ico HTTP/1.1[0m" 404 -
2022-06-29 13:41:03,748:INFO:127.0.0.1 - - [29/Jun/2022 13:41:03] "POST /result HTTP/1.1" 200 -
2022-06-29 13:41:15,894:INFO:127.0.0.1 - - [29/Jun/2022 13:41:15] "GET / HTTP/1.1" 200 -
2022-06-29 13:41:49,296:INFO:127.0.0.1 - - [29/Jun/2022 13:41:49] "POST /result HTTP/1.1" 200 -
2022-06-29 13:41:57,866:INFO:127.0.0.1 - - [29/Jun/2022 13:41:57] "GET /static/css/neumorphism.css.map HTTP/1.1" 200 -
2022-06-29 17:58:53,562:DEBUG: Model.py File execution started 
2022-06-29 17:58:53,626:DEBUG: Database Loaded 
2022-06-29 17:58:53,894:DEBUG: Database Pre-Processing Done 
2022-06-29 17:58:54,286:DEBUG: Execution of Model.py is finished 
2022-06-29 17:59:11,395:DEBUG: app.py File execution started 
2022-06-29 17:59:11,517:INFO:NumExpr defaulting to 8 threads.
2022-06-29 17:59:12,008:DEBUG:matplotlib data path: C:\Users\Devansh\anaconda3\lib\site-packages\matplotlib\mpl-data
2022-06-29 17:59:12,008:DEBUG:CONFIGDIR=C:\Users\Devansh\.matplotlib
2022-06-29 17:59:12,008:DEBUG:interactive is False
2022-06-29 17:59:12,008:DEBUG:platform is win32
2022-06-29 17:59:12,008:DEBUG:loaded modules: ['sys', 'builtins', '_frozen_importlib', '_imp', '_thread', '_warnings', '_weakref', '_io', 'marshal', 'nt', 'winreg', '_frozen_importlib_external', 'time', 'zipimport', '_codecs', 'codecs', 'encodings.aliases', 'encodings', 'encodings.utf_8', 'encodings.cp1252', '_signal', 'encodings.latin_1', '_abc', 'abc', 'io', '__main__', '_stat', 'stat', '_collections_abc', 'genericpath', 'ntpath', 'os.path', 'os', '_sitebuiltins', '_locale', '_bootlocale', '_distutils_hack', 'types', 'importlib._bootstrap', 'importlib._bootstrap_external', 'warnings', 'importlib', 'importlib.machinery', '_heapq', 'heapq', 'itertools', 'keyword', '_operator', 'operator', 'reprlib', '_collections', 'collections', 'collections.abc', '_functools', 'functools', 'contextlib', 'enum', '_sre', 'sre_constants', 'sre_parse', 'sre_compile', 'copyreg', 're', 'typing.io', 'typing.re', 'typing', 'importlib.abc', 'importlib.util', 'google', 'google.cloud', 'google.logging', 'mpl_toolkits', 'sphinxcontrib', 'zope', 'site', 'numpy._globals', 'numpy.__config__', '_json', 'json.scanner', 'json.decoder', 'json.encoder', 'json', 'numpy._version', '_ctypes', '_struct', 'struct', 'ctypes._endian', 'ctypes', 'mkl._mklinit', 'cython_runtime', 'numbers', 'mkl._py_mkl_service', 'mkl', 'numpy._distributor_init', 'numpy.version', 'textwrap', 'math', '_datetime', 'datetime', 'numpy.core._multiarray_umath', 'numpy.compat._inspect', 'posixpath', 'fnmatch', 'errno', 'urllib', 'urllib.parse', 'pathlib', '_compat_pickle', '_pickle', 'pickle', 'numpy.compat.py3k', 'numpy.compat', 'numpy.core.overrides', 'numpy.core.multiarray', 'numpy.core.umath', 'numpy.core._string_helpers', 'numpy.core._dtype', 'numpy.core._type_aliases', 'numpy.core.numerictypes', 'numpy.core._exceptions', 'numpy.core._methods', 'numpy.core.fromnumeric', 'numpy.core.shape_base', 'numpy.core._ufunc_config', 'numpy.core.arrayprint', 'numpy.core._asarray', 'numpy.core.numeric', 'numpy.core.defchararray', 'numpy.core.records', 'numpy.core.memmap', 'numpy.core.function_base', 'numpy.core.machar', 'numpy.core.getlimits', 'numpy.core.einsumfunc', 'numpy.core._multiarray_tests', 'numpy.core._add_newdocs', 'signal', '_weakrefset', 'threading', 'msvcrt', '_winapi', 'subprocess', 'platform', '_socket', 'select', 'selectors', 'socket', 'numpy.core._add_newdocs_scalars', 'numpy.core._dtype_ctypes', '_ast', 'ast', 'numpy.core._internal', 'numpy._pytesttester', 'numpy.core', 'numpy.lib.mixins', 'numpy.lib.ufunclike', 'numpy.lib.type_check', 'numpy.lib.scimath', 'numpy.lib.stride_tricks', 'numpy.lib.twodim_base', 'numpy.linalg.lapack_lite', 'numpy.linalg._umath_linalg', 'numpy.linalg.linalg', 'numpy.linalg', 'numpy.matrixlib.defmatrix', 'numpy.matrixlib', 'numpy.lib.histograms', 'numpy.lib.function_base', 'numpy.lib.index_tricks', 'numpy.lib.nanfunctions', 'numpy.lib.shape_base', 'numpy.lib.polynomial', 'numpy.lib.utils', 'numpy.lib.arraysetops', 'weakref', 'numpy.lib.format', 'numpy.lib._datasource', 'numpy.lib._iotools', 'numpy.lib.npyio', 'numpy.lib.arrayterator', 'numpy.lib.arraypad', 'numpy.lib._version', 'numpy.lib', 'numpy.fft._pocketfft_internal', 'numpy.fft._pocketfft', 'numpy.fft.helper', 'numpy.fft', 'numpy.polynomial.polyutils', 'numpy.polynomial._polybase', 'numpy.polynomial.polynomial', 'numpy.polynomial.chebyshev', 'numpy.polynomial.legendre', 'numpy.polynomial.hermite', 'numpy.polynomial.hermite_e', 'numpy.polynomial.laguerre', 'numpy.polynomial', '_cython_0_29_30', 'numpy.random._common', 'binascii', 'base64', '_hashlib', '_blake2', 'hashlib', 'hmac', '_bisect', 'bisect', '_random', '_sha512', 'random', 'secrets', 'numpy.random.bit_generator', 'numpy.random._bounded_integers', 'numpy.random._mt19937', 'numpy.random.mtrand', 'numpy.random._philox', 'numpy.random._pcg64', 'numpy.random._sfc64', 'numpy.random._generator', 'numpy.random._pickle', 'numpy.random', 'numpy.ctypeslib', '_opcode', 'opcode', 'dis', 'token', 'tokenize', 'linecache', 'inspect', 'numpy.ma.core', 'numpy.ma.extras', 'numpy.ma', 'numpy', '_string', 'string', 'markupsafe._speedups', 'markupsafe', 'zlib', '_compression', '_bz2', 'bz2', '_lzma', 'lzma', 'shutil', 'tempfile', 'jinja2._compat', 'jinja2.utils', 'jinja2.bccache', 'jinja2.nodes', 'jinja2.exceptions', 'jinja2.visitor', 'jinja2.idtracking', 'jinja2.optimizer', '__future__', 'jinja2.compiler', 'jinja2.runtime', 'jinja2.filters', '_decimal', 'decimal', 'jinja2.tests', 'jinja2.defaults', 'unicodedata', 'jinja2._identifier', 'jinja2.lexer', 'jinja2.parser', 'jinja2.environment', 'jinja2.loaders', 'jinja2', 'socketserver', 'http', 'copy', 'email', 'locale', 'calendar', 'email._parseaddr', 'email.base64mime', 'email.quoprimime', 'email.errors', 'quopri', 'email.encoders', 'email.charset', 'email.utils', 'html.entities', 'html', 'email.header', 'email._policybase', 'email.feedparser', 'email.parser', 'uu', 'email._encoded_words', 'email.iterators', 'email.message', '_ssl', 'ssl', 'http.client', 'mimetypes', 'http.server', 'traceback', 'atexit', 'logging', 'werkzeug._internal', 'werkzeug.exceptions', 'werkzeug.urls', 'colorama.ansi', 'ctypes.wintypes', 'colorama.win32', 'colorama.winterm', 'colorama.ansitowin32', 'colorama.initialise', 'colorama', 'werkzeug.serving', 'urllib.response', 'urllib.error', 'nturl2path', 'urllib.request', 'http.cookiejar', 'werkzeug.filesystem', 'werkzeug.http', 'werkzeug.datastructures', 'werkzeug.sansio', 'dataclasses', 'werkzeug.sansio.multipart', 'pkgutil', 'werkzeug.security', 'werkzeug.sansio.utils', 'werkzeug.wsgi', 'werkzeug.utils', 'werkzeug.wrappers.accept', 'werkzeug.wrappers.auth', 'werkzeug.formparser', 'werkzeug.user_agent', 'werkzeug.useragents', 'werkzeug.sansio.request', 'werkzeug.wrappers.request', 'werkzeug.wrappers.base_request', 'werkzeug.sansio.response', 'werkzeug.wrappers.response', 'werkzeug.wrappers.base_response', 'werkzeug.wrappers.common_descriptors', 'werkzeug.wrappers.etag', 'werkzeug.wrappers.user_agent', 'werkzeug.wrappers', 'werkzeug.test', 'werkzeug', '_uuid', 'uuid', 'itsdangerous._json', 'itsdangerous.exc', 'itsdangerous.encoding', 'itsdangerous.signer', 'itsdangerous.serializer', 'itsdangerous.jws', 'itsdangerous.timed', 'itsdangerous.url_safe', 'itsdangerous', 'flask._compat', 'greenlet._greenlet', 'greenlet', '_contextvars', 'contextvars', 'werkzeug.local', 'flask.globals', 'flask.json', 'difflib', 'pprint', 'werkzeug.routing', 'gettext', 'click._winconsole', 'click._compat', 'click.globals', 'click.utils', 'click.exceptions', 'click.types', 'click._unicodefun', 'click.parser', 'click.formatting', 'click.termui', 'click.core', 'click.decorators', 'click', 'flask.signals', 'flask.helpers', 'flask.cli', 'flask.config', 'flask.ctx', 'flask.logging', 'flask.json.tag', 'flask.sessions', 'flask.templating', 'werkzeug.wrappers.json', 'flask.wrappers', 'flask.app', 'flask.blueprints', 'flask', 'lightgbm', 'lightgbm.basic', 'scipy._lib._testutils', 'scipy._lib', 'scipy._lib.deprecation', 'scipy.__config__', 'scipy.version', 'glob', 'scipy._distributor_init', 'scipy._lib._pep440', 'scipy._lib._ccallback_c', 'scipy._lib._ccallback', 'scipy', 'scipy._lib._util', 'scipy.sparse.sputils', 'scipy.sparse.base', 'scipy.sparse._sparsetools', 'scipy.sparse.data', 'scipy.sparse.dia', 'scipy.sparse._index', 'scipy.sparse.compressed', 'scipy.sparse.csr', 'scipy.sparse.csc', 'scipy.sparse._csparsetools', 'scipy.sparse.lil', 'scipy.sparse.dok', 'scipy.sparse.coo', 'scipy.sparse.bsr', 'scipy.sparse.construct', 'scipy.sparse.extract', 'scipy.sparse._matrix_io', 'scipy.sparse.csgraph._laplacian', '_cython_0_29_25', 'scipy.sparse.csgraph._tools', 'scipy.sparse.csgraph._validation', 'scipy.sparse.csgraph._shortest_path', 'scipy.sparse.csgraph._traversal', 'scipy.sparse.csgraph._min_spanning_tree', 'scipy.sparse.csgraph._flow', 'scipy.sparse.csgraph._matching', 'scipy.sparse.csgraph._reordering', 'scipy.sparse.csgraph', 'scipy.sparse', 'lightgbm.compat', 'pytz.exceptions', 'pytz.lazy', 'pytz.tzinfo', 'pytz.tzfile', 'pytz', 'dateutil._version', 'dateutil', 'pandas._typing', '_cython_0_29_28', 'pandas._libs.tslibs.dtypes', 'pandas._libs.tslibs.base', 'pandas._libs.tslibs.np_datetime', 'pandas._libs.tslibs.nattype', 'six', 'six.moves', 'dateutil.tz._common', 'dateutil.tz._factories', 'dateutil.tz.win', 'dateutil.tz.tz', 'dateutil.tz', 'pandas._libs.tslibs.timezones', 'pandas._libs.tslibs.ccalendar', 'pandas._libs.tslibs.tzconversion', 'pandas._config.config', 'pandas._config.dates', 'pandas._config.display', 'pandas._config', 'pandas._config.localization', 'pandas._libs.tslibs.strptime', 'pandas._libs.tslibs.fields', 'pandas._libs.tslibs.timedeltas', 'pandas._libs.tslibs.timestamps', 'dateutil.easter', 'dateutil._common', 'dateutil.relativedelta', 'pandas._libs.properties', 'pandas._libs.tslibs.offsets', 'dateutil.parser._parser', 'dateutil.parser.isoparser', 'dateutil.parser', 'pandas._libs.tslibs.parsing', 'pandas._libs.tslibs.conversion', 'pandas._libs.tslibs.period', 'pandas._libs.tslibs.vectorized', 'pandas._libs.tslibs', 'pandas._libs.ops_dispatch', 'pandas._libs.missing', 'pandas._libs.hashtable', 'pandas._libs.algos', 'pandas._libs.interval', 'pandas._libs', 'pandas.util._decorators', 'pandas.core', 'pandas.core.util', 'pandas._libs.tslib', 'pandas._libs.lib', 'pandas._libs.hashing', 'pandas.core.dtypes', 'pandas.util._exceptions', 'pandas.errors', 'pandas.core.dtypes.generic', 'pandas.core.dtypes.base', 'pandas.core.dtypes.inference', 'pandas.core.dtypes.dtypes', 'pandas.core.dtypes.common', 'pandas.core.util.hashing', 'pandas.util', 'pandas.util.version', 'pandas.compat.numpy', 'pandas.compat.pyarrow', 'pandas.compat', 'pandas.core.config_init', 'pandas.core.dtypes.missing', 'pandas.util._validators', 'pandas.core.dtypes.cast', 'pandas.core.dtypes.concat', 'pandas.core.array_algos', 'pandas.core.common', 'pandas.core.construction', 'pandas.core.array_algos.take', 'pandas.core.indexers.utils', 'pandas.core.indexers', 'pandas.core.algorithms', 'pandas.compat.numpy.function', 'pandas.core.roperator', 'pandas._libs.ops', 'pandas.core.computation', 'pandas.compat._optional', 'numexpr.interpreter', 'packaging.__about__', 'packaging', 'packaging._structures', 'packaging.version', 'numexpr.expressions', 'numexpr.utils', 'numexpr.necompiler', 'numexpr.version', 'numexpr', 'pandas.core.computation.check', 'pandas.core.computation.expressions', 'pandas.core.ops.missing', 'pandas.core.ops.dispatch', 'pandas.core.ops.invalid', 'pandas.core.ops.array_ops', 'pandas.core.ops.common', 'pandas.core.ops.docstrings', 'pandas.core.ops.mask_ops', 'pandas.core.ops.methods', 'pandas.core.ops', 'pandas.core.arraylike', 'pandas.core.missing', 'pandas.core.array_algos.quantile', 'pandas.core.sorting', 'pandas.core.arrays.base', 'bottleneck.benchmark', 'gc', 'timeit', 'bottleneck.benchmark.autotimeit', 'bottleneck.benchmark.bench', 'bottleneck.benchmark.bench_detailed', 'bottleneck.tests', 'bottleneck.tests.util', 'bottleneck.slow.reduce', 'bottleneck.slow.nonreduce', 'bottleneck.slow.nonreduce_axis', 'bottleneck.slow.move', 'bottleneck.slow', 'bottleneck._pytesttester', 'bottleneck.move', 'bottleneck.nonreduce', 'bottleneck.nonreduce_axis', 'bottleneck.reduce', 'bottleneck._version', 'bottleneck', 'pandas.core.nanops', 'pandas.core.array_algos.masked_reductions', 'pandas.core.arrays.masked', 'pandas.core.arrays.boolean', '_csv', 'csv', 'pandas._libs.arrays', 'pandas.core.accessor', 'pandas.core.array_algos.transforms', 'pandas.core.arrays._mixins', 'pandas.core.base', 'pandas.core.strings.accessor', 'pandas.core.strings.base', 'pandas.core.strings', 'pandas.core.strings.object_array', 'pandas.io', 'pandas.io.formats', 'pandas.io.formats.console', 'pandas.core.arrays.categorical', 'pandas.tseries', 'pandas.tseries.frequencies', 'pandas.core.arrays.datetimelike', 'pandas.core.arrays._ranges', 'pandas.core.arrays.numeric', 'pandas.core.tools', 'pandas.core.tools.numeric', 'pandas.core.arrays.integer', 'pandas.tseries.offsets', 'pandas.core.arrays.datetimes', 'pandas.core.arrays.floating', 'pandas.core.indexes', 'pandas._libs.index', 'pandas._libs.join', 'pandas.core.array_algos.putmask', 'pandas._libs.sparse', 'pandas.core.arrays.sparse.dtype', 'pandas.io.formats.printing', 'pandas.core.arrays.sparse.array', 'pandas.core.arrays.sparse.accessor', 'pandas.core.arrays.sparse', 'pandas.core.indexes.frozen', 'pandas.core.indexes.base', 'pandas.core.arrays.interval', 'pandas.core.arrays.numpy_', 'pandas.core.arrays.period', 'pandas.core.arrays.string_', 'pandas.core.arrays.string_arrow', 'pandas.core.arrays.timedeltas', 'pandas.core.arrays', 'pandas.core.flags', 'pandas._libs.reduction', 'pandas.core.apply', 'pandas._libs.indexing', 'pandas.core.indexes.extension', 'pandas.core.indexes.category', 'pandas.core.indexes.numeric', 'pandas.core.indexes.range', 'pandas.core.tools.timedeltas', 'pandas.core.indexes.datetimelike', 'pandas.core.tools.times', 'pandas.core.indexes.datetimes', 'pandas.core.indexes.multi', 'pandas.core.indexes.timedeltas', 'pandas.core.indexes.interval', 'pandas.core.indexes.period', 'pandas.core.indexes.api', 'pandas.core.indexing', 'pandas.core.array_algos.replace', 'pandas.core.reshape', 'pandas._libs.internals', 'pandas._libs.writers', 'pandas.core.internals.blocks', 'pandas.core.internals.api', 'pandas.core.internals.base', 'pandas.core.internals.array_manager', 'pandas.core.internals.ops', 'pandas.core.internals.managers', 'pandas.core.internals.concat', 'pandas.core.internals', 'pandas.core.reshape.concat', 'gzip', 'mmap', 'zipfile', 'pandas.core.shared_docs', 'pandas.io.common', 'pandas.io.formats.format', 'pandas.core.describe', 'pandas.core.internals.construction', 'pandas.core.sample', 'pandas._libs.window', 'pandas._libs.window.aggregations', 'pandas._libs.window.indexers', 'pandas.core.indexers.objects', 'pandas.core.util.numba_', 'pandas.core.window.common', 'pandas.core.window.doc', 'pandas.core.window.numba_', 'pandas.core.window.online', 'pandas.core._numba', 'pandas.core._numba.executor', 'pandas.core.window.rolling', 'pandas.core.window.ewm', 'pandas.core.window.expanding', 'pandas.core.window', 'pandas.core.generic', 'pandas.core.reshape.util', 'pandas.core.reshape.melt', 'pandas._libs.reshape', 'pandas.core.indexes.accessors', 'pandas.arrays', 'pandas.core.tools.datetimes', 'pandas.io.formats.info', 'pandas.plotting._core', 'pandas.plotting._misc', 'pandas.plotting', 'pandas.core.series', 'pandas.core.frame', 'pandas.core.groupby.base', 'pandas._libs.groupby', 'pandas.core.groupby.numba_', 'pandas.core.groupby.categorical', 'pandas.core.groupby.grouper', 'pandas.core.groupby.ops', 'pandas.core.groupby.indexing', 'pandas.core.groupby.groupby', 'pandas.core.groupby.generic', 'pandas.core.groupby', 'pandas.core.api', 'pandas.tseries.api', 'pandas.core.computation.common', 'pandas.core.computation.align', 'pandas.compat.chainmap', 'pandas.core.computation.scope', 'pandas.core.computation.ops', 'pandas.core.computation.parsing', 'pandas.core.computation.expr', 'pandas.core.computation.engines', 'pandas.core.computation.eval', 'pandas.core.computation.api', 'pandas.core.reshape.merge', 'pandas.core.reshape.pivot', 'pandas.core.reshape.reshape', 'pandas.core.reshape.tile', 'pandas.core.reshape.api', 'pandas.api.extensions', 'pandas.api.indexers', 'pandas.core.dtypes.api', 'pandas.api.types', 'pandas.api', 'pandas._testing._random', 'pandas._testing.contexts', 'pandas._testing._io', 'pandas._testing._warnings', 'cmath', 'pandas._libs.testing', 'pandas._testing.asserters', 'pandas._testing.compat', 'pandas._testing', 'pandas.testing', 'pandas.util._print_versions', 'pandas.io.clipboards', 'pandas._libs.parsers', 'pandas.io.excel._util', 'pandas.io.date_converters', 'pandas.io.parsers.base_parser', 'pandas.io.parsers.arrow_parser_wrapper', 'pandas.io.parsers.c_parser_wrapper', 'pandas.io.parsers.python_parser', 'pandas.io.parsers.readers', 'pandas.io.parsers', 'pandas.io.excel._odfreader', 'pandas.io.excel._openpyxl', 'pandas.io.excel._pyxlsb', 'pandas.io.excel._xlrd', 'pandas.io.excel._base', 'pandas._libs.json', 'pandas.io.formats._color_data', 'pandas.io.formats.css', 'pandas.io.formats.excel', 'pandas.io.excel._odswriter', 'pandas.io.excel._xlsxwriter', 'pandas.io.excel._xlwt', 'pandas.io.excel', 'pandas.io.feather_format', 'pandas.io.gbq', 'pandas.io.html', 'pandas.io.json._normalize', 'pandas.io.json._table_schema', 'pandas.io.json._json', 'pandas.io.json', 'pandas.io.orc', 'pandas.io.parquet', 'pandas.compat.pickle_compat', 'pandas.io.pickle', 'pandas.core.computation.pytables', 'pandas.io.pytables', 'pandas.io.sas.sasreader', 'pandas.io.sas', 'pandas.io.spss', 'pandas.io.sql', 'pandas.io.stata', 'pandas.io.xml', 'pandas.io.api', 'pandas.util._tester', 'pandas._version', 'pandas', 'matplotlib', 'matplotlib._api.deprecation', 'matplotlib._api', 'matplotlib._version', 'shlex', 'matplotlib._c_internal_utils', 'matplotlib.cbook', 'matplotlib.docstring', 'PIL._version', 'PIL', 'xml', 'xml.parsers', 'pyexpat.errors', 'pyexpat.model', 'pyexpat', 'xml.parsers.expat.model', 'xml.parsers.expat.errors', 'xml.parsers.expat', 'defusedxml.common', 'defusedxml', 'xml.etree', 'xml.etree.ElementPath', '_elementtree', 'xml.etree.ElementTree', 'defusedxml.ElementTree', 'PIL.ImageMode', 'PIL.TiffTags', 'PIL._binary', 'PIL._util', 'PIL._imaging', 'cffi.lock', 'cffi.error', 'cffi.model', 'cffi.api', 'cffi', 'PIL.Image', 'PIL.ImageChops', 'PIL.ImageFile', 'array', 'PIL.GimpGradientFile', 'PIL.GimpPaletteFile', 'PIL.ImageColor', 'PIL.PaletteFile', 'PIL.ImagePalette', 'PIL.ImageSequence', 'PIL.PngImagePlugin', 'matplotlib._path', 'matplotlib.bezier', 'matplotlib.path', 'matplotlib.transforms', 'matplotlib.ticker', 'matplotlib.scale', 'matplotlib._color_data', 'matplotlib.colors', 'pyparsing.util', 'pyparsing.unicode', 'pyparsing.exceptions', 'pyparsing.actions', 'pyparsing.results', 'pyparsing.core', 'pyparsing.helpers', 'pyparsing.testing', 'pyparsing.common', 'pyparsing', 'matplotlib.fontconfig_pattern', 'matplotlib._enums', 'cycler', 'matplotlib.rcsetup', 'matplotlib.ft2font', 'kiwisolver._cext', 'kiwisolver']
2022-06-29 17:59:13,451:DEBUG: prediction function loaded 
2022-06-29 17:59:13,483:INFO: * Restarting with watchdog (windowsapi)
2022-06-29 17:59:13,781:DEBUG: app.py File execution started 
2022-06-29 17:59:13,859:INFO:NumExpr defaulting to 8 threads.
2022-06-29 17:59:14,186:DEBUG:matplotlib data path: C:\Users\Devansh\anaconda3\lib\site-packages\matplotlib\mpl-data
2022-06-29 17:59:14,186:DEBUG:CONFIGDIR=C:\Users\Devansh\.matplotlib
2022-06-29 17:59:14,186:DEBUG:interactive is False
2022-06-29 17:59:14,186:DEBUG:platform is win32
2022-06-29 17:59:14,186:DEBUG:loaded modules: ['sys', 'builtins', '_frozen_importlib', '_imp', '_thread', '_warnings', '_weakref', '_io', 'marshal', 'nt', 'winreg', '_frozen_importlib_external', 'time', 'zipimport', '_codecs', 'codecs', 'encodings.aliases', 'encodings', 'encodings.utf_8', 'encodings.cp1252', '_signal', 'encodings.latin_1', '_abc', 'abc', 'io', '__main__', '_stat', 'stat', '_collections_abc', 'genericpath', 'ntpath', 'os.path', 'os', '_sitebuiltins', '_locale', '_bootlocale', '_distutils_hack', 'types', 'importlib._bootstrap', 'importlib._bootstrap_external', 'warnings', 'importlib', 'importlib.machinery', '_heapq', 'heapq', 'itertools', 'keyword', '_operator', 'operator', 'reprlib', '_collections', 'collections', 'collections.abc', '_functools', 'functools', 'contextlib', 'enum', '_sre', 'sre_constants', 'sre_parse', 'sre_compile', 'copyreg', 're', 'typing.io', 'typing.re', 'typing', 'importlib.abc', 'importlib.util', 'google', 'google.cloud', 'google.logging', 'mpl_toolkits', 'sphinxcontrib', 'zope', 'site', 'numpy._globals', 'numpy.__config__', '_json', 'json.scanner', 'json.decoder', 'json.encoder', 'json', 'numpy._version', '_ctypes', '_struct', 'struct', 'ctypes._endian', 'ctypes', 'mkl._mklinit', 'cython_runtime', 'numbers', 'mkl._py_mkl_service', 'mkl', 'numpy._distributor_init', 'numpy.version', 'textwrap', 'math', '_datetime', 'datetime', 'numpy.core._multiarray_umath', 'numpy.compat._inspect', 'posixpath', 'fnmatch', 'errno', 'urllib', 'urllib.parse', 'pathlib', '_compat_pickle', '_pickle', 'pickle', 'numpy.compat.py3k', 'numpy.compat', 'numpy.core.overrides', 'numpy.core.multiarray', 'numpy.core.umath', 'numpy.core._string_helpers', 'numpy.core._dtype', 'numpy.core._type_aliases', 'numpy.core.numerictypes', 'numpy.core._exceptions', 'numpy.core._methods', 'numpy.core.fromnumeric', 'numpy.core.shape_base', 'numpy.core._ufunc_config', 'numpy.core.arrayprint', 'numpy.core._asarray', 'numpy.core.numeric', 'numpy.core.defchararray', 'numpy.core.records', 'numpy.core.memmap', 'numpy.core.function_base', 'numpy.core.machar', 'numpy.core.getlimits', 'numpy.core.einsumfunc', 'numpy.core._multiarray_tests', 'numpy.core._add_newdocs', 'signal', '_weakrefset', 'threading', 'msvcrt', '_winapi', 'subprocess', 'platform', '_socket', 'select', 'selectors', 'socket', 'numpy.core._add_newdocs_scalars', 'numpy.core._dtype_ctypes', '_ast', 'ast', 'numpy.core._internal', 'numpy._pytesttester', 'numpy.core', 'numpy.lib.mixins', 'numpy.lib.ufunclike', 'numpy.lib.type_check', 'numpy.lib.scimath', 'numpy.lib.stride_tricks', 'numpy.lib.twodim_base', 'numpy.linalg.lapack_lite', 'numpy.linalg._umath_linalg', 'numpy.linalg.linalg', 'numpy.linalg', 'numpy.matrixlib.defmatrix', 'numpy.matrixlib', 'numpy.lib.histograms', 'numpy.lib.function_base', 'numpy.lib.index_tricks', 'numpy.lib.nanfunctions', 'numpy.lib.shape_base', 'numpy.lib.polynomial', 'numpy.lib.utils', 'numpy.lib.arraysetops', 'weakref', 'numpy.lib.format', 'numpy.lib._datasource', 'numpy.lib._iotools', 'numpy.lib.npyio', 'numpy.lib.arrayterator', 'numpy.lib.arraypad', 'numpy.lib._version', 'numpy.lib', 'numpy.fft._pocketfft_internal', 'numpy.fft._pocketfft', 'numpy.fft.helper', 'numpy.fft', 'numpy.polynomial.polyutils', 'numpy.polynomial._polybase', 'numpy.polynomial.polynomial', 'numpy.polynomial.chebyshev', 'numpy.polynomial.legendre', 'numpy.polynomial.hermite', 'numpy.polynomial.hermite_e', 'numpy.polynomial.laguerre', 'numpy.polynomial', '_cython_0_29_30', 'numpy.random._common', 'binascii', 'base64', '_hashlib', '_blake2', 'hashlib', 'hmac', '_bisect', 'bisect', '_random', '_sha512', 'random', 'secrets', 'numpy.random.bit_generator', 'numpy.random._bounded_integers', 'numpy.random._mt19937', 'numpy.random.mtrand', 'numpy.random._philox', 'numpy.random._pcg64', 'numpy.random._sfc64', 'numpy.random._generator', 'numpy.random._pickle', 'numpy.random', 'numpy.ctypeslib', '_opcode', 'opcode', 'dis', 'token', 'tokenize', 'linecache', 'inspect', 'numpy.ma.core', 'numpy.ma.extras', 'numpy.ma', 'numpy', '_string', 'string', 'markupsafe._speedups', 'markupsafe', 'zlib', '_compression', '_bz2', 'bz2', '_lzma', 'lzma', 'shutil', 'tempfile', 'jinja2._compat', 'jinja2.utils', 'jinja2.bccache', 'jinja2.nodes', 'jinja2.exceptions', 'jinja2.visitor', 'jinja2.idtracking', 'jinja2.optimizer', '__future__', 'jinja2.compiler', 'jinja2.runtime', 'jinja2.filters', '_decimal', 'decimal', 'jinja2.tests', 'jinja2.defaults', 'unicodedata', 'jinja2._identifier', 'jinja2.lexer', 'jinja2.parser', 'jinja2.environment', 'jinja2.loaders', 'jinja2', 'socketserver', 'http', 'copy', 'email', 'locale', 'calendar', 'email._parseaddr', 'email.base64mime', 'email.quoprimime', 'email.errors', 'quopri', 'email.encoders', 'email.charset', 'email.utils', 'html.entities', 'html', 'email.header', 'email._policybase', 'email.feedparser', 'email.parser', 'uu', 'email._encoded_words', 'email.iterators', 'email.message', '_ssl', 'ssl', 'http.client', 'mimetypes', 'http.server', 'traceback', 'atexit', 'logging', 'werkzeug._internal', 'werkzeug.exceptions', 'werkzeug.urls', 'colorama.ansi', 'ctypes.wintypes', 'colorama.win32', 'colorama.winterm', 'colorama.ansitowin32', 'colorama.initialise', 'colorama', 'werkzeug.serving', 'urllib.response', 'urllib.error', 'nturl2path', 'urllib.request', 'http.cookiejar', 'werkzeug.filesystem', 'werkzeug.http', 'werkzeug.datastructures', 'werkzeug.sansio', 'dataclasses', 'werkzeug.sansio.multipart', 'pkgutil', 'werkzeug.security', 'werkzeug.sansio.utils', 'werkzeug.wsgi', 'werkzeug.utils', 'werkzeug.wrappers.accept', 'werkzeug.wrappers.auth', 'werkzeug.formparser', 'werkzeug.user_agent', 'werkzeug.useragents', 'werkzeug.sansio.request', 'werkzeug.wrappers.request', 'werkzeug.wrappers.base_request', 'werkzeug.sansio.response', 'werkzeug.wrappers.response', 'werkzeug.wrappers.base_response', 'werkzeug.wrappers.common_descriptors', 'werkzeug.wrappers.etag', 'werkzeug.wrappers.user_agent', 'werkzeug.wrappers', 'werkzeug.test', 'werkzeug', '_uuid', 'uuid', 'itsdangerous._json', 'itsdangerous.exc', 'itsdangerous.encoding', 'itsdangerous.signer', 'itsdangerous.serializer', 'itsdangerous.jws', 'itsdangerous.timed', 'itsdangerous.url_safe', 'itsdangerous', 'flask._compat', 'greenlet._greenlet', 'greenlet', '_contextvars', 'contextvars', 'werkzeug.local', 'flask.globals', 'flask.json', 'difflib', 'pprint', 'werkzeug.routing', 'gettext', 'click._winconsole', 'click._compat', 'click.globals', 'click.utils', 'click.exceptions', 'click.types', 'click._unicodefun', 'click.parser', 'click.formatting', 'click.termui', 'click.core', 'click.decorators', 'click', 'flask.signals', 'flask.helpers', 'flask.cli', 'flask.config', 'flask.ctx', 'flask.logging', 'flask.json.tag', 'flask.sessions', 'flask.templating', 'werkzeug.wrappers.json', 'flask.wrappers', 'flask.app', 'flask.blueprints', 'flask', 'lightgbm', 'lightgbm.basic', 'scipy._lib._testutils', 'scipy._lib', 'scipy._lib.deprecation', 'scipy.__config__', 'scipy.version', 'glob', 'scipy._distributor_init', 'scipy._lib._pep440', 'scipy._lib._ccallback_c', 'scipy._lib._ccallback', 'scipy', 'scipy._lib._util', 'scipy.sparse.sputils', 'scipy.sparse.base', 'scipy.sparse._sparsetools', 'scipy.sparse.data', 'scipy.sparse.dia', 'scipy.sparse._index', 'scipy.sparse.compressed', 'scipy.sparse.csr', 'scipy.sparse.csc', 'scipy.sparse._csparsetools', 'scipy.sparse.lil', 'scipy.sparse.dok', 'scipy.sparse.coo', 'scipy.sparse.bsr', 'scipy.sparse.construct', 'scipy.sparse.extract', 'scipy.sparse._matrix_io', 'scipy.sparse.csgraph._laplacian', '_cython_0_29_25', 'scipy.sparse.csgraph._tools', 'scipy.sparse.csgraph._validation', 'scipy.sparse.csgraph._shortest_path', 'scipy.sparse.csgraph._traversal', 'scipy.sparse.csgraph._min_spanning_tree', 'scipy.sparse.csgraph._flow', 'scipy.sparse.csgraph._matching', 'scipy.sparse.csgraph._reordering', 'scipy.sparse.csgraph', 'scipy.sparse', 'lightgbm.compat', 'pytz.exceptions', 'pytz.lazy', 'pytz.tzinfo', 'pytz.tzfile', 'pytz', 'dateutil._version', 'dateutil', 'pandas._typing', '_cython_0_29_28', 'pandas._libs.tslibs.dtypes', 'pandas._libs.tslibs.base', 'pandas._libs.tslibs.np_datetime', 'pandas._libs.tslibs.nattype', 'six', 'six.moves', 'dateutil.tz._common', 'dateutil.tz._factories', 'dateutil.tz.win', 'dateutil.tz.tz', 'dateutil.tz', 'pandas._libs.tslibs.timezones', 'pandas._libs.tslibs.ccalendar', 'pandas._libs.tslibs.tzconversion', 'pandas._config.config', 'pandas._config.dates', 'pandas._config.display', 'pandas._config', 'pandas._config.localization', 'pandas._libs.tslibs.strptime', 'pandas._libs.tslibs.fields', 'pandas._libs.tslibs.timedeltas', 'pandas._libs.tslibs.timestamps', 'dateutil.easter', 'dateutil._common', 'dateutil.relativedelta', 'pandas._libs.properties', 'pandas._libs.tslibs.offsets', 'dateutil.parser._parser', 'dateutil.parser.isoparser', 'dateutil.parser', 'pandas._libs.tslibs.parsing', 'pandas._libs.tslibs.conversion', 'pandas._libs.tslibs.period', 'pandas._libs.tslibs.vectorized', 'pandas._libs.tslibs', 'pandas._libs.ops_dispatch', 'pandas._libs.missing', 'pandas._libs.hashtable', 'pandas._libs.algos', 'pandas._libs.interval', 'pandas._libs', 'pandas.util._decorators', 'pandas.core', 'pandas.core.util', 'pandas._libs.tslib', 'pandas._libs.lib', 'pandas._libs.hashing', 'pandas.core.dtypes', 'pandas.util._exceptions', 'pandas.errors', 'pandas.core.dtypes.generic', 'pandas.core.dtypes.base', 'pandas.core.dtypes.inference', 'pandas.core.dtypes.dtypes', 'pandas.core.dtypes.common', 'pandas.core.util.hashing', 'pandas.util', 'pandas.util.version', 'pandas.compat.numpy', 'pandas.compat.pyarrow', 'pandas.compat', 'pandas.core.config_init', 'pandas.core.dtypes.missing', 'pandas.util._validators', 'pandas.core.dtypes.cast', 'pandas.core.dtypes.concat', 'pandas.core.array_algos', 'pandas.core.common', 'pandas.core.construction', 'pandas.core.array_algos.take', 'pandas.core.indexers.utils', 'pandas.core.indexers', 'pandas.core.algorithms', 'pandas.compat.numpy.function', 'pandas.core.roperator', 'pandas._libs.ops', 'pandas.core.computation', 'pandas.compat._optional', 'numexpr.interpreter', 'packaging.__about__', 'packaging', 'packaging._structures', 'packaging.version', 'numexpr.expressions', 'numexpr.utils', 'numexpr.necompiler', 'numexpr.version', 'numexpr', 'pandas.core.computation.check', 'pandas.core.computation.expressions', 'pandas.core.ops.missing', 'pandas.core.ops.dispatch', 'pandas.core.ops.invalid', 'pandas.core.ops.array_ops', 'pandas.core.ops.common', 'pandas.core.ops.docstrings', 'pandas.core.ops.mask_ops', 'pandas.core.ops.methods', 'pandas.core.ops', 'pandas.core.arraylike', 'pandas.core.missing', 'pandas.core.array_algos.quantile', 'pandas.core.sorting', 'pandas.core.arrays.base', 'bottleneck.benchmark', 'gc', 'timeit', 'bottleneck.benchmark.autotimeit', 'bottleneck.benchmark.bench', 'bottleneck.benchmark.bench_detailed', 'bottleneck.tests', 'bottleneck.tests.util', 'bottleneck.slow.reduce', 'bottleneck.slow.nonreduce', 'bottleneck.slow.nonreduce_axis', 'bottleneck.slow.move', 'bottleneck.slow', 'bottleneck._pytesttester', 'bottleneck.move', 'bottleneck.nonreduce', 'bottleneck.nonreduce_axis', 'bottleneck.reduce', 'bottleneck._version', 'bottleneck', 'pandas.core.nanops', 'pandas.core.array_algos.masked_reductions', 'pandas.core.arrays.masked', 'pandas.core.arrays.boolean', '_csv', 'csv', 'pandas._libs.arrays', 'pandas.core.accessor', 'pandas.core.array_algos.transforms', 'pandas.core.arrays._mixins', 'pandas.core.base', 'pandas.core.strings.accessor', 'pandas.core.strings.base', 'pandas.core.strings', 'pandas.core.strings.object_array', 'pandas.io', 'pandas.io.formats', 'pandas.io.formats.console', 'pandas.core.arrays.categorical', 'pandas.tseries', 'pandas.tseries.frequencies', 'pandas.core.arrays.datetimelike', 'pandas.core.arrays._ranges', 'pandas.core.arrays.numeric', 'pandas.core.tools', 'pandas.core.tools.numeric', 'pandas.core.arrays.integer', 'pandas.tseries.offsets', 'pandas.core.arrays.datetimes', 'pandas.core.arrays.floating', 'pandas.core.indexes', 'pandas._libs.index', 'pandas._libs.join', 'pandas.core.array_algos.putmask', 'pandas._libs.sparse', 'pandas.core.arrays.sparse.dtype', 'pandas.io.formats.printing', 'pandas.core.arrays.sparse.array', 'pandas.core.arrays.sparse.accessor', 'pandas.core.arrays.sparse', 'pandas.core.indexes.frozen', 'pandas.core.indexes.base', 'pandas.core.arrays.interval', 'pandas.core.arrays.numpy_', 'pandas.core.arrays.period', 'pandas.core.arrays.string_', 'pandas.core.arrays.string_arrow', 'pandas.core.arrays.timedeltas', 'pandas.core.arrays', 'pandas.core.flags', 'pandas._libs.reduction', 'pandas.core.apply', 'pandas._libs.indexing', 'pandas.core.indexes.extension', 'pandas.core.indexes.category', 'pandas.core.indexes.numeric', 'pandas.core.indexes.range', 'pandas.core.tools.timedeltas', 'pandas.core.indexes.datetimelike', 'pandas.core.tools.times', 'pandas.core.indexes.datetimes', 'pandas.core.indexes.multi', 'pandas.core.indexes.timedeltas', 'pandas.core.indexes.interval', 'pandas.core.indexes.period', 'pandas.core.indexes.api', 'pandas.core.indexing', 'pandas.core.array_algos.replace', 'pandas.core.reshape', 'pandas._libs.internals', 'pandas._libs.writers', 'pandas.core.internals.blocks', 'pandas.core.internals.api', 'pandas.core.internals.base', 'pandas.core.internals.array_manager', 'pandas.core.internals.ops', 'pandas.core.internals.managers', 'pandas.core.internals.concat', 'pandas.core.internals', 'pandas.core.reshape.concat', 'gzip', 'mmap', 'zipfile', 'pandas.core.shared_docs', 'pandas.io.common', 'pandas.io.formats.format', 'pandas.core.describe', 'pandas.core.internals.construction', 'pandas.core.sample', 'pandas._libs.window', 'pandas._libs.window.aggregations', 'pandas._libs.window.indexers', 'pandas.core.indexers.objects', 'pandas.core.util.numba_', 'pandas.core.window.common', 'pandas.core.window.doc', 'pandas.core.window.numba_', 'pandas.core.window.online', 'pandas.core._numba', 'pandas.core._numba.executor', 'pandas.core.window.rolling', 'pandas.core.window.ewm', 'pandas.core.window.expanding', 'pandas.core.window', 'pandas.core.generic', 'pandas.core.reshape.util', 'pandas.core.reshape.melt', 'pandas._libs.reshape', 'pandas.core.indexes.accessors', 'pandas.arrays', 'pandas.core.tools.datetimes', 'pandas.io.formats.info', 'pandas.plotting._core', 'pandas.plotting._misc', 'pandas.plotting', 'pandas.core.series', 'pandas.core.frame', 'pandas.core.groupby.base', 'pandas._libs.groupby', 'pandas.core.groupby.numba_', 'pandas.core.groupby.categorical', 'pandas.core.groupby.grouper', 'pandas.core.groupby.ops', 'pandas.core.groupby.indexing', 'pandas.core.groupby.groupby', 'pandas.core.groupby.generic', 'pandas.core.groupby', 'pandas.core.api', 'pandas.tseries.api', 'pandas.core.computation.common', 'pandas.core.computation.align', 'pandas.compat.chainmap', 'pandas.core.computation.scope', 'pandas.core.computation.ops', 'pandas.core.computation.parsing', 'pandas.core.computation.expr', 'pandas.core.computation.engines', 'pandas.core.computation.eval', 'pandas.core.computation.api', 'pandas.core.reshape.merge', 'pandas.core.reshape.pivot', 'pandas.core.reshape.reshape', 'pandas.core.reshape.tile', 'pandas.core.reshape.api', 'pandas.api.extensions', 'pandas.api.indexers', 'pandas.core.dtypes.api', 'pandas.api.types', 'pandas.api', 'pandas._testing._random', 'pandas._testing.contexts', 'pandas._testing._io', 'pandas._testing._warnings', 'cmath', 'pandas._libs.testing', 'pandas._testing.asserters', 'pandas._testing.compat', 'pandas._testing', 'pandas.testing', 'pandas.util._print_versions', 'pandas.io.clipboards', 'pandas._libs.parsers', 'pandas.io.excel._util', 'pandas.io.date_converters', 'pandas.io.parsers.base_parser', 'pandas.io.parsers.arrow_parser_wrapper', 'pandas.io.parsers.c_parser_wrapper', 'pandas.io.parsers.python_parser', 'pandas.io.parsers.readers', 'pandas.io.parsers', 'pandas.io.excel._odfreader', 'pandas.io.excel._openpyxl', 'pandas.io.excel._pyxlsb', 'pandas.io.excel._xlrd', 'pandas.io.excel._base', 'pandas._libs.json', 'pandas.io.formats._color_data', 'pandas.io.formats.css', 'pandas.io.formats.excel', 'pandas.io.excel._odswriter', 'pandas.io.excel._xlsxwriter', 'pandas.io.excel._xlwt', 'pandas.io.excel', 'pandas.io.feather_format', 'pandas.io.gbq', 'pandas.io.html', 'pandas.io.json._normalize', 'pandas.io.json._table_schema', 'pandas.io.json._json', 'pandas.io.json', 'pandas.io.orc', 'pandas.io.parquet', 'pandas.compat.pickle_compat', 'pandas.io.pickle', 'pandas.core.computation.pytables', 'pandas.io.pytables', 'pandas.io.sas.sasreader', 'pandas.io.sas', 'pandas.io.spss', 'pandas.io.sql', 'pandas.io.stata', 'pandas.io.xml', 'pandas.io.api', 'pandas.util._tester', 'pandas._version', 'pandas', 'matplotlib', 'matplotlib._api.deprecation', 'matplotlib._api', 'matplotlib._version', 'shlex', 'matplotlib._c_internal_utils', 'matplotlib.cbook', 'matplotlib.docstring', 'PIL._version', 'PIL', 'xml', 'xml.parsers', 'pyexpat.errors', 'pyexpat.model', 'pyexpat', 'xml.parsers.expat.model', 'xml.parsers.expat.errors', 'xml.parsers.expat', 'defusedxml.common', 'defusedxml', 'xml.etree', 'xml.etree.ElementPath', '_elementtree', 'xml.etree.ElementTree', 'defusedxml.ElementTree', 'PIL.ImageMode', 'PIL.TiffTags', 'PIL._binary', 'PIL._util', 'PIL._imaging', 'cffi.lock', 'cffi.error', 'cffi.model', 'cffi.api', 'cffi', 'PIL.Image', 'PIL.ImageChops', 'PIL.ImageFile', 'array', 'PIL.GimpGradientFile', 'PIL.GimpPaletteFile', 'PIL.ImageColor', 'PIL.PaletteFile', 'PIL.ImagePalette', 'PIL.ImageSequence', 'PIL.PngImagePlugin', 'matplotlib._path', 'matplotlib.bezier', 'matplotlib.path', 'matplotlib.transforms', 'matplotlib.ticker', 'matplotlib.scale', 'matplotlib._color_data', 'matplotlib.colors', 'pyparsing.util', 'pyparsing.unicode', 'pyparsing.exceptions', 'pyparsing.actions', 'pyparsing.results', 'pyparsing.core', 'pyparsing.helpers', 'pyparsing.testing', 'pyparsing.common', 'pyparsing', 'matplotlib.fontconfig_pattern', 'matplotlib._enums', 'cycler', 'matplotlib.rcsetup', 'matplotlib.ft2font', 'kiwisolver._cext', 'kiwisolver']
2022-06-29 17:59:15,862:DEBUG: prediction function loaded 
2022-06-29 17:59:15,873:WARNING: * Debugger is active!
2022-06-29 17:59:15,878:INFO: * Debugger PIN: 445-806-384
2022-06-29 17:59:15,956:INFO: * Running on http://127.0.0.1:5000/ (Press CTRL+C to quit)
2022-06-29 18:05:49,106:DEBUG: Model.py File execution started 
2022-06-29 18:05:49,172:DEBUG: Database Loaded 
2022-06-29 18:05:49,408:DEBUG: Database Pre-Processing Done 
2022-06-29 18:05:49,822:DEBUG: Execution of Model.py is finished 
2022-06-29 18:06:06,305:DEBUG: Model.py File execution started 
2022-06-29 18:06:06,385:DEBUG: Database Loaded 
2022-06-29 18:06:06,704:DEBUG: Database Pre-Processing Done 
2022-06-29 18:06:07,098:DEBUG: Execution of Model.py is finished 
2022-06-29 18:06:14,423:DEBUG: Model.py File execution started 
2022-06-29 18:06:14,495:DEBUG: Database Loaded 
2022-06-29 18:06:14,747:DEBUG: Database Pre-Processing Done 
2022-06-29 18:06:15,150:DEBUG: Execution of Model.py is finished 
2022-06-29 21:55:19,013:DEBUG: Model.py File execution started 
2022-06-29 21:55:23,982:DEBUG: Model.py File execution started 
2022-06-30 13:17:06,545:DEBUG: app.py File execution started 
2022-06-30 13:17:06,889:INFO:NumExpr defaulting to 8 threads.
2022-06-30 13:17:07,474:DEBUG:matplotlib data path: C:\Users\Devansh\anaconda3\lib\site-packages\matplotlib\mpl-data
2022-06-30 13:17:07,474:DEBUG:CONFIGDIR=C:\Users\Devansh\.matplotlib
2022-06-30 13:17:07,474:DEBUG:interactive is False
2022-06-30 13:17:07,474:DEBUG:platform is win32
2022-06-30 13:17:07,474:DEBUG:loaded modules: ['sys', 'builtins', '_frozen_importlib', '_imp', '_thread', '_warnings', '_weakref', '_io', 'marshal', 'nt', 'winreg', '_frozen_importlib_external', 'time', 'zipimport', '_codecs', 'codecs', 'encodings.aliases', 'encodings', 'encodings.utf_8', 'encodings.cp1252', '_signal', 'encodings.latin_1', '_abc', 'abc', 'io', '__main__', '_stat', 'stat', '_collections_abc', 'genericpath', 'ntpath', 'os.path', 'os', '_sitebuiltins', '_locale', '_bootlocale', '_distutils_hack', 'types', 'importlib._bootstrap', 'importlib._bootstrap_external', 'warnings', 'importlib', 'importlib.machinery', '_heapq', 'heapq', 'itertools', 'keyword', '_operator', 'operator', 'reprlib', '_collections', 'collections', 'collections.abc', '_functools', 'functools', 'contextlib', 'enum', '_sre', 'sre_constants', 'sre_parse', 'sre_compile', 'copyreg', 're', 'typing.io', 'typing.re', 'typing', 'importlib.abc', 'importlib.util', 'google', 'google.cloud', 'google.logging', 'mpl_toolkits', 'sphinxcontrib', 'zope', 'site', 'numpy._globals', 'numpy.__config__', '_json', 'json.scanner', 'json.decoder', 'json.encoder', 'json', 'numpy._version', '_ctypes', '_struct', 'struct', 'ctypes._endian', 'ctypes', 'mkl._mklinit', 'cython_runtime', 'numbers', 'mkl._py_mkl_service', 'mkl', 'numpy._distributor_init', 'numpy.version', 'textwrap', 'math', '_datetime', 'datetime', 'numpy.core._multiarray_umath', 'numpy.compat._inspect', 'posixpath', 'fnmatch', 'errno', 'urllib', 'urllib.parse', 'pathlib', '_compat_pickle', '_pickle', 'pickle', 'numpy.compat.py3k', 'numpy.compat', 'numpy.core.overrides', 'numpy.core.multiarray', 'numpy.core.umath', 'numpy.core._string_helpers', 'numpy.core._dtype', 'numpy.core._type_aliases', 'numpy.core.numerictypes', 'numpy.core._exceptions', 'numpy.core._methods', 'numpy.core.fromnumeric', 'numpy.core.shape_base', 'numpy.core._ufunc_config', 'numpy.core.arrayprint', 'numpy.core._asarray', 'numpy.core.numeric', 'numpy.core.defchararray', 'numpy.core.records', 'numpy.core.memmap', 'numpy.core.function_base', 'numpy.core.machar', 'numpy.core.getlimits', 'numpy.core.einsumfunc', 'numpy.core._multiarray_tests', 'numpy.core._add_newdocs', 'signal', '_weakrefset', 'threading', 'msvcrt', '_winapi', 'subprocess', 'platform', '_socket', 'select', 'selectors', 'socket', 'numpy.core._add_newdocs_scalars', 'numpy.core._dtype_ctypes', '_ast', 'ast', 'numpy.core._internal', 'numpy._pytesttester', 'numpy.core', 'numpy.lib.mixins', 'numpy.lib.ufunclike', 'numpy.lib.type_check', 'numpy.lib.scimath', 'numpy.lib.stride_tricks', 'numpy.lib.twodim_base', 'numpy.linalg.lapack_lite', 'numpy.linalg._umath_linalg', 'numpy.linalg.linalg', 'numpy.linalg', 'numpy.matrixlib.defmatrix', 'numpy.matrixlib', 'numpy.lib.histograms', 'numpy.lib.function_base', 'numpy.lib.index_tricks', 'numpy.lib.nanfunctions', 'numpy.lib.shape_base', 'numpy.lib.polynomial', 'numpy.lib.utils', 'numpy.lib.arraysetops', 'weakref', 'numpy.lib.format', 'numpy.lib._datasource', 'numpy.lib._iotools', 'numpy.lib.npyio', 'numpy.lib.arrayterator', 'numpy.lib.arraypad', 'numpy.lib._version', 'numpy.lib', 'numpy.fft._pocketfft_internal', 'numpy.fft._pocketfft', 'numpy.fft.helper', 'numpy.fft', 'numpy.polynomial.polyutils', 'numpy.polynomial._polybase', 'numpy.polynomial.polynomial', 'numpy.polynomial.chebyshev', 'numpy.polynomial.legendre', 'numpy.polynomial.hermite', 'numpy.polynomial.hermite_e', 'numpy.polynomial.laguerre', 'numpy.polynomial', '_cython_0_29_30', 'numpy.random._common', 'binascii', 'base64', '_hashlib', '_blake2', 'hashlib', 'hmac', '_bisect', 'bisect', '_random', '_sha512', 'random', 'secrets', 'numpy.random.bit_generator', 'numpy.random._bounded_integers', 'numpy.random._mt19937', 'numpy.random.mtrand', 'numpy.random._philox', 'numpy.random._pcg64', 'numpy.random._sfc64', 'numpy.random._generator', 'numpy.random._pickle', 'numpy.random', 'numpy.ctypeslib', '_opcode', 'opcode', 'dis', 'token', 'tokenize', 'linecache', 'inspect', 'numpy.ma.core', 'numpy.ma.extras', 'numpy.ma', 'numpy', '_string', 'string', 'markupsafe._speedups', 'markupsafe', 'zlib', '_compression', '_bz2', 'bz2', '_lzma', 'lzma', 'shutil', 'tempfile', 'jinja2._compat', 'jinja2.utils', 'jinja2.bccache', 'jinja2.nodes', 'jinja2.exceptions', 'jinja2.visitor', 'jinja2.idtracking', 'jinja2.optimizer', '__future__', 'jinja2.compiler', 'jinja2.runtime', 'jinja2.filters', '_decimal', 'decimal', 'jinja2.tests', 'jinja2.defaults', 'unicodedata', 'jinja2._identifier', 'jinja2.lexer', 'jinja2.parser', 'jinja2.environment', 'jinja2.loaders', 'jinja2', 'socketserver', 'http', 'copy', 'email', 'locale', 'calendar', 'email._parseaddr', 'email.base64mime', 'email.quoprimime', 'email.errors', 'quopri', 'email.encoders', 'email.charset', 'email.utils', 'html.entities', 'html', 'email.header', 'email._policybase', 'email.feedparser', 'email.parser', 'uu', 'email._encoded_words', 'email.iterators', 'email.message', '_ssl', 'ssl', 'http.client', 'mimetypes', 'http.server', 'traceback', 'atexit', 'logging', 'werkzeug._internal', 'werkzeug.exceptions', 'werkzeug.urls', 'colorama.ansi', 'ctypes.wintypes', 'colorama.win32', 'colorama.winterm', 'colorama.ansitowin32', 'colorama.initialise', 'colorama', 'werkzeug.serving', 'urllib.response', 'urllib.error', 'nturl2path', 'urllib.request', 'http.cookiejar', 'werkzeug.filesystem', 'werkzeug.http', 'werkzeug.datastructures', 'werkzeug.sansio', 'dataclasses', 'werkzeug.sansio.multipart', 'pkgutil', 'werkzeug.security', 'werkzeug.sansio.utils', 'werkzeug.wsgi', 'werkzeug.utils', 'werkzeug.wrappers.accept', 'werkzeug.wrappers.auth', 'werkzeug.formparser', 'werkzeug.user_agent', 'werkzeug.useragents', 'werkzeug.sansio.request', 'werkzeug.wrappers.request', 'werkzeug.wrappers.base_request', 'werkzeug.sansio.response', 'werkzeug.wrappers.response', 'werkzeug.wrappers.base_response', 'werkzeug.wrappers.common_descriptors', 'werkzeug.wrappers.etag', 'werkzeug.wrappers.user_agent', 'werkzeug.wrappers', 'werkzeug.test', 'werkzeug', '_uuid', 'uuid', 'itsdangerous._json', 'itsdangerous.exc', 'itsdangerous.encoding', 'itsdangerous.signer', 'itsdangerous.serializer', 'itsdangerous.jws', 'itsdangerous.timed', 'itsdangerous.url_safe', 'itsdangerous', 'flask._compat', 'greenlet._greenlet', 'greenlet', '_contextvars', 'contextvars', 'werkzeug.local', 'flask.globals', 'flask.json', 'difflib', 'pprint', 'werkzeug.routing', 'gettext', 'click._winconsole', 'click._compat', 'click.globals', 'click.utils', 'click.exceptions', 'click.types', 'click._unicodefun', 'click.parser', 'click.formatting', 'click.termui', 'click.core', 'click.decorators', 'click', 'flask.signals', 'flask.helpers', 'flask.cli', 'flask.config', 'flask.ctx', 'flask.logging', 'flask.json.tag', 'flask.sessions', 'flask.templating', 'werkzeug.wrappers.json', 'flask.wrappers', 'flask.app', 'flask.blueprints', 'flask', 'lightgbm', 'lightgbm.basic', 'scipy._lib._testutils', 'scipy._lib', 'scipy._lib.deprecation', 'scipy.__config__', 'scipy.version', 'glob', 'scipy._distributor_init', 'scipy._lib._pep440', 'scipy._lib._ccallback_c', 'scipy._lib._ccallback', 'scipy', 'scipy._lib._util', 'scipy.sparse.sputils', 'scipy.sparse.base', 'scipy.sparse._sparsetools', 'scipy.sparse.data', 'scipy.sparse.dia', 'scipy.sparse._index', 'scipy.sparse.compressed', 'scipy.sparse.csr', 'scipy.sparse.csc', 'scipy.sparse._csparsetools', 'scipy.sparse.lil', 'scipy.sparse.dok', 'scipy.sparse.coo', 'scipy.sparse.bsr', 'scipy.sparse.construct', 'scipy.sparse.extract', 'scipy.sparse._matrix_io', 'scipy.sparse.csgraph._laplacian', '_cython_0_29_25', 'scipy.sparse.csgraph._tools', 'scipy.sparse.csgraph._validation', 'scipy.sparse.csgraph._shortest_path', 'scipy.sparse.csgraph._traversal', 'scipy.sparse.csgraph._min_spanning_tree', 'scipy.sparse.csgraph._flow', 'scipy.sparse.csgraph._matching', 'scipy.sparse.csgraph._reordering', 'scipy.sparse.csgraph', 'scipy.sparse', 'lightgbm.compat', 'pytz.exceptions', 'pytz.lazy', 'pytz.tzinfo', 'pytz.tzfile', 'pytz', 'dateutil._version', 'dateutil', 'pandas._typing', '_cython_0_29_28', 'pandas._libs.tslibs.dtypes', 'pandas._libs.tslibs.base', 'pandas._libs.tslibs.np_datetime', 'pandas._libs.tslibs.nattype', 'six', 'six.moves', 'dateutil.tz._common', 'dateutil.tz._factories', 'dateutil.tz.win', 'dateutil.tz.tz', 'dateutil.tz', 'pandas._libs.tslibs.timezones', 'pandas._libs.tslibs.ccalendar', 'pandas._libs.tslibs.tzconversion', 'pandas._config.config', 'pandas._config.dates', 'pandas._config.display', 'pandas._config', 'pandas._config.localization', 'pandas._libs.tslibs.strptime', 'pandas._libs.tslibs.fields', 'pandas._libs.tslibs.timedeltas', 'pandas._libs.tslibs.timestamps', 'dateutil.easter', 'dateutil._common', 'dateutil.relativedelta', 'pandas._libs.properties', 'pandas._libs.tslibs.offsets', 'dateutil.parser._parser', 'dateutil.parser.isoparser', 'dateutil.parser', 'pandas._libs.tslibs.parsing', 'pandas._libs.tslibs.conversion', 'pandas._libs.tslibs.period', 'pandas._libs.tslibs.vectorized', 'pandas._libs.tslibs', 'pandas._libs.ops_dispatch', 'pandas._libs.missing', 'pandas._libs.hashtable', 'pandas._libs.algos', 'pandas._libs.interval', 'pandas._libs', 'pandas.util._decorators', 'pandas.core', 'pandas.core.util', 'pandas._libs.tslib', 'pandas._libs.lib', 'pandas._libs.hashing', 'pandas.core.dtypes', 'pandas.util._exceptions', 'pandas.errors', 'pandas.core.dtypes.generic', 'pandas.core.dtypes.base', 'pandas.core.dtypes.inference', 'pandas.core.dtypes.dtypes', 'pandas.core.dtypes.common', 'pandas.core.util.hashing', 'pandas.util', 'pandas.util.version', 'pandas.compat.numpy', 'pandas.compat.pyarrow', 'pandas.compat', 'pandas.core.config_init', 'pandas.core.dtypes.missing', 'pandas.util._validators', 'pandas.core.dtypes.cast', 'pandas.core.dtypes.concat', 'pandas.core.array_algos', 'pandas.core.common', 'pandas.core.construction', 'pandas.core.array_algos.take', 'pandas.core.indexers.utils', 'pandas.core.indexers', 'pandas.core.algorithms', 'pandas.compat.numpy.function', 'pandas.core.roperator', 'pandas._libs.ops', 'pandas.core.computation', 'pandas.compat._optional', 'numexpr.interpreter', 'packaging.__about__', 'packaging', 'packaging._structures', 'packaging.version', 'numexpr.expressions', 'numexpr.utils', 'numexpr.necompiler', 'numexpr.version', 'numexpr', 'pandas.core.computation.check', 'pandas.core.computation.expressions', 'pandas.core.ops.missing', 'pandas.core.ops.dispatch', 'pandas.core.ops.invalid', 'pandas.core.ops.array_ops', 'pandas.core.ops.common', 'pandas.core.ops.docstrings', 'pandas.core.ops.mask_ops', 'pandas.core.ops.methods', 'pandas.core.ops', 'pandas.core.arraylike', 'pandas.core.missing', 'pandas.core.array_algos.quantile', 'pandas.core.sorting', 'pandas.core.arrays.base', 'bottleneck.benchmark', 'gc', 'timeit', 'bottleneck.benchmark.autotimeit', 'bottleneck.benchmark.bench', 'bottleneck.benchmark.bench_detailed', 'bottleneck.tests', 'bottleneck.tests.util', 'bottleneck.slow.reduce', 'bottleneck.slow.nonreduce', 'bottleneck.slow.nonreduce_axis', 'bottleneck.slow.move', 'bottleneck.slow', 'bottleneck._pytesttester', 'bottleneck.move', 'bottleneck.nonreduce', 'bottleneck.nonreduce_axis', 'bottleneck.reduce', 'bottleneck._version', 'bottleneck', 'pandas.core.nanops', 'pandas.core.array_algos.masked_reductions', 'pandas.core.arrays.masked', 'pandas.core.arrays.boolean', '_csv', 'csv', 'pandas._libs.arrays', 'pandas.core.accessor', 'pandas.core.array_algos.transforms', 'pandas.core.arrays._mixins', 'pandas.core.base', 'pandas.core.strings.accessor', 'pandas.core.strings.base', 'pandas.core.strings', 'pandas.core.strings.object_array', 'pandas.io', 'pandas.io.formats', 'pandas.io.formats.console', 'pandas.core.arrays.categorical', 'pandas.tseries', 'pandas.tseries.frequencies', 'pandas.core.arrays.datetimelike', 'pandas.core.arrays._ranges', 'pandas.core.arrays.numeric', 'pandas.core.tools', 'pandas.core.tools.numeric', 'pandas.core.arrays.integer', 'pandas.tseries.offsets', 'pandas.core.arrays.datetimes', 'pandas.core.arrays.floating', 'pandas.core.indexes', 'pandas._libs.index', 'pandas._libs.join', 'pandas.core.array_algos.putmask', 'pandas._libs.sparse', 'pandas.core.arrays.sparse.dtype', 'pandas.io.formats.printing', 'pandas.core.arrays.sparse.array', 'pandas.core.arrays.sparse.accessor', 'pandas.core.arrays.sparse', 'pandas.core.indexes.frozen', 'pandas.core.indexes.base', 'pandas.core.arrays.interval', 'pandas.core.arrays.numpy_', 'pandas.core.arrays.period', 'pandas.core.arrays.string_', 'pandas.core.arrays.string_arrow', 'pandas.core.arrays.timedeltas', 'pandas.core.arrays', 'pandas.core.flags', 'pandas._libs.reduction', 'pandas.core.apply', 'pandas._libs.indexing', 'pandas.core.indexes.extension', 'pandas.core.indexes.category', 'pandas.core.indexes.numeric', 'pandas.core.indexes.range', 'pandas.core.tools.timedeltas', 'pandas.core.indexes.datetimelike', 'pandas.core.tools.times', 'pandas.core.indexes.datetimes', 'pandas.core.indexes.multi', 'pandas.core.indexes.timedeltas', 'pandas.core.indexes.interval', 'pandas.core.indexes.period', 'pandas.core.indexes.api', 'pandas.core.indexing', 'pandas.core.array_algos.replace', 'pandas.core.reshape', 'pandas._libs.internals', 'pandas._libs.writers', 'pandas.core.internals.blocks', 'pandas.core.internals.api', 'pandas.core.internals.base', 'pandas.core.internals.array_manager', 'pandas.core.internals.ops', 'pandas.core.internals.managers', 'pandas.core.internals.concat', 'pandas.core.internals', 'pandas.core.reshape.concat', 'gzip', 'mmap', 'zipfile', 'pandas.core.shared_docs', 'pandas.io.common', 'pandas.io.formats.format', 'pandas.core.describe', 'pandas.core.internals.construction', 'pandas.core.sample', 'pandas._libs.window', 'pandas._libs.window.aggregations', 'pandas._libs.window.indexers', 'pandas.core.indexers.objects', 'pandas.core.util.numba_', 'pandas.core.window.common', 'pandas.core.window.doc', 'pandas.core.window.numba_', 'pandas.core.window.online', 'pandas.core._numba', 'pandas.core._numba.executor', 'pandas.core.window.rolling', 'pandas.core.window.ewm', 'pandas.core.window.expanding', 'pandas.core.window', 'pandas.core.generic', 'pandas.core.reshape.util', 'pandas.core.reshape.melt', 'pandas._libs.reshape', 'pandas.core.indexes.accessors', 'pandas.arrays', 'pandas.core.tools.datetimes', 'pandas.io.formats.info', 'pandas.plotting._core', 'pandas.plotting._misc', 'pandas.plotting', 'pandas.core.series', 'pandas.core.frame', 'pandas.core.groupby.base', 'pandas._libs.groupby', 'pandas.core.groupby.numba_', 'pandas.core.groupby.categorical', 'pandas.core.groupby.grouper', 'pandas.core.groupby.ops', 'pandas.core.groupby.indexing', 'pandas.core.groupby.groupby', 'pandas.core.groupby.generic', 'pandas.core.groupby', 'pandas.core.api', 'pandas.tseries.api', 'pandas.core.computation.common', 'pandas.core.computation.align', 'pandas.compat.chainmap', 'pandas.core.computation.scope', 'pandas.core.computation.ops', 'pandas.core.computation.parsing', 'pandas.core.computation.expr', 'pandas.core.computation.engines', 'pandas.core.computation.eval', 'pandas.core.computation.api', 'pandas.core.reshape.merge', 'pandas.core.reshape.pivot', 'pandas.core.reshape.reshape', 'pandas.core.reshape.tile', 'pandas.core.reshape.api', 'pandas.api.extensions', 'pandas.api.indexers', 'pandas.core.dtypes.api', 'pandas.api.types', 'pandas.api', 'pandas._testing._random', 'pandas._testing.contexts', 'pandas._testing._io', 'pandas._testing._warnings', 'cmath', 'pandas._libs.testing', 'pandas._testing.asserters', 'pandas._testing.compat', 'pandas._testing', 'pandas.testing', 'pandas.util._print_versions', 'pandas.io.clipboards', 'pandas._libs.parsers', 'pandas.io.excel._util', 'pandas.io.date_converters', 'pandas.io.parsers.base_parser', 'pandas.io.parsers.arrow_parser_wrapper', 'pandas.io.parsers.c_parser_wrapper', 'pandas.io.parsers.python_parser', 'pandas.io.parsers.readers', 'pandas.io.parsers', 'pandas.io.excel._odfreader', 'pandas.io.excel._openpyxl', 'pandas.io.excel._pyxlsb', 'pandas.io.excel._xlrd', 'pandas.io.excel._base', 'pandas._libs.json', 'pandas.io.formats._color_data', 'pandas.io.formats.css', 'pandas.io.formats.excel', 'pandas.io.excel._odswriter', 'pandas.io.excel._xlsxwriter', 'pandas.io.excel._xlwt', 'pandas.io.excel', 'pandas.io.feather_format', 'pandas.io.gbq', 'pandas.io.html', 'pandas.io.json._normalize', 'pandas.io.json._table_schema', 'pandas.io.json._json', 'pandas.io.json', 'pandas.io.orc', 'pandas.io.parquet', 'pandas.compat.pickle_compat', 'pandas.io.pickle', 'pandas.core.computation.pytables', 'pandas.io.pytables', 'pandas.io.sas.sasreader', 'pandas.io.sas', 'pandas.io.spss', 'pandas.io.sql', 'pandas.io.stata', 'pandas.io.xml', 'pandas.io.api', 'pandas.util._tester', 'pandas._version', 'pandas', 'matplotlib', 'matplotlib._api.deprecation', 'matplotlib._api', 'matplotlib._version', 'shlex', 'matplotlib._c_internal_utils', 'matplotlib.cbook', 'matplotlib.docstring', 'PIL._version', 'PIL', 'xml', 'xml.parsers', 'pyexpat.errors', 'pyexpat.model', 'pyexpat', 'xml.parsers.expat.model', 'xml.parsers.expat.errors', 'xml.parsers.expat', 'defusedxml.common', 'defusedxml', 'xml.etree', 'xml.etree.ElementPath', '_elementtree', 'xml.etree.ElementTree', 'defusedxml.ElementTree', 'PIL.ImageMode', 'PIL.TiffTags', 'PIL._binary', 'PIL._util', 'PIL._imaging', 'cffi.lock', 'cffi.error', 'cffi.model', 'cffi.api', 'cffi', 'PIL.Image', 'PIL.ImageChops', 'PIL.ImageFile', 'array', 'PIL.GimpGradientFile', 'PIL.GimpPaletteFile', 'PIL.ImageColor', 'PIL.PaletteFile', 'PIL.ImagePalette', 'PIL.ImageSequence', 'PIL.PngImagePlugin', 'matplotlib._path', 'matplotlib.bezier', 'matplotlib.path', 'matplotlib.transforms', 'matplotlib.ticker', 'matplotlib.scale', 'matplotlib._color_data', 'matplotlib.colors', 'pyparsing.util', 'pyparsing.unicode', 'pyparsing.exceptions', 'pyparsing.actions', 'pyparsing.results', 'pyparsing.core', 'pyparsing.helpers', 'pyparsing.testing', 'pyparsing.common', 'pyparsing', 'matplotlib.fontconfig_pattern', 'matplotlib._enums', 'cycler', 'matplotlib.rcsetup', 'matplotlib.ft2font', 'kiwisolver._cext', 'kiwisolver']
2022-06-30 13:17:09,619:DEBUG: prediction function loaded 
2022-06-30 13:17:09,645:INFO: * Restarting with watchdog (windowsapi)
2022-06-30 13:17:09,990:DEBUG: app.py File execution started 
2022-06-30 13:17:10,084:INFO:NumExpr defaulting to 8 threads.
2022-06-30 13:17:10,303:DEBUG:matplotlib data path: C:\Users\Devansh\anaconda3\lib\site-packages\matplotlib\mpl-data
2022-06-30 13:17:10,319:DEBUG:CONFIGDIR=C:\Users\Devansh\.matplotlib
2022-06-30 13:17:10,319:DEBUG:interactive is False
2022-06-30 13:17:10,319:DEBUG:platform is win32
2022-06-30 13:17:10,319:DEBUG:loaded modules: ['sys', 'builtins', '_frozen_importlib', '_imp', '_thread', '_warnings', '_weakref', '_io', 'marshal', 'nt', 'winreg', '_frozen_importlib_external', 'time', 'zipimport', '_codecs', 'codecs', 'encodings.aliases', 'encodings', 'encodings.utf_8', 'encodings.cp1252', '_signal', 'encodings.latin_1', '_abc', 'abc', 'io', '__main__', '_stat', 'stat', '_collections_abc', 'genericpath', 'ntpath', 'os.path', 'os', '_sitebuiltins', '_locale', '_bootlocale', '_distutils_hack', 'types', 'importlib._bootstrap', 'importlib._bootstrap_external', 'warnings', 'importlib', 'importlib.machinery', '_heapq', 'heapq', 'itertools', 'keyword', '_operator', 'operator', 'reprlib', '_collections', 'collections', 'collections.abc', '_functools', 'functools', 'contextlib', 'enum', '_sre', 'sre_constants', 'sre_parse', 'sre_compile', 'copyreg', 're', 'typing.io', 'typing.re', 'typing', 'importlib.abc', 'importlib.util', 'google', 'google.cloud', 'google.logging', 'mpl_toolkits', 'sphinxcontrib', 'zope', 'site', 'numpy._globals', 'numpy.__config__', '_json', 'json.scanner', 'json.decoder', 'json.encoder', 'json', 'numpy._version', '_ctypes', '_struct', 'struct', 'ctypes._endian', 'ctypes', 'mkl._mklinit', 'cython_runtime', 'numbers', 'mkl._py_mkl_service', 'mkl', 'numpy._distributor_init', 'numpy.version', 'textwrap', 'math', '_datetime', 'datetime', 'numpy.core._multiarray_umath', 'numpy.compat._inspect', 'posixpath', 'fnmatch', 'errno', 'urllib', 'urllib.parse', 'pathlib', '_compat_pickle', '_pickle', 'pickle', 'numpy.compat.py3k', 'numpy.compat', 'numpy.core.overrides', 'numpy.core.multiarray', 'numpy.core.umath', 'numpy.core._string_helpers', 'numpy.core._dtype', 'numpy.core._type_aliases', 'numpy.core.numerictypes', 'numpy.core._exceptions', 'numpy.core._methods', 'numpy.core.fromnumeric', 'numpy.core.shape_base', 'numpy.core._ufunc_config', 'numpy.core.arrayprint', 'numpy.core._asarray', 'numpy.core.numeric', 'numpy.core.defchararray', 'numpy.core.records', 'numpy.core.memmap', 'numpy.core.function_base', 'numpy.core.machar', 'numpy.core.getlimits', 'numpy.core.einsumfunc', 'numpy.core._multiarray_tests', 'numpy.core._add_newdocs', 'signal', '_weakrefset', 'threading', 'msvcrt', '_winapi', 'subprocess', 'platform', '_socket', 'select', 'selectors', 'socket', 'numpy.core._add_newdocs_scalars', 'numpy.core._dtype_ctypes', '_ast', 'ast', 'numpy.core._internal', 'numpy._pytesttester', 'numpy.core', 'numpy.lib.mixins', 'numpy.lib.ufunclike', 'numpy.lib.type_check', 'numpy.lib.scimath', 'numpy.lib.stride_tricks', 'numpy.lib.twodim_base', 'numpy.linalg.lapack_lite', 'numpy.linalg._umath_linalg', 'numpy.linalg.linalg', 'numpy.linalg', 'numpy.matrixlib.defmatrix', 'numpy.matrixlib', 'numpy.lib.histograms', 'numpy.lib.function_base', 'numpy.lib.index_tricks', 'numpy.lib.nanfunctions', 'numpy.lib.shape_base', 'numpy.lib.polynomial', 'numpy.lib.utils', 'numpy.lib.arraysetops', 'weakref', 'numpy.lib.format', 'numpy.lib._datasource', 'numpy.lib._iotools', 'numpy.lib.npyio', 'numpy.lib.arrayterator', 'numpy.lib.arraypad', 'numpy.lib._version', 'numpy.lib', 'numpy.fft._pocketfft_internal', 'numpy.fft._pocketfft', 'numpy.fft.helper', 'numpy.fft', 'numpy.polynomial.polyutils', 'numpy.polynomial._polybase', 'numpy.polynomial.polynomial', 'numpy.polynomial.chebyshev', 'numpy.polynomial.legendre', 'numpy.polynomial.hermite', 'numpy.polynomial.hermite_e', 'numpy.polynomial.laguerre', 'numpy.polynomial', '_cython_0_29_30', 'numpy.random._common', 'binascii', 'base64', '_hashlib', '_blake2', 'hashlib', 'hmac', '_bisect', 'bisect', '_random', '_sha512', 'random', 'secrets', 'numpy.random.bit_generator', 'numpy.random._bounded_integers', 'numpy.random._mt19937', 'numpy.random.mtrand', 'numpy.random._philox', 'numpy.random._pcg64', 'numpy.random._sfc64', 'numpy.random._generator', 'numpy.random._pickle', 'numpy.random', 'numpy.ctypeslib', '_opcode', 'opcode', 'dis', 'token', 'tokenize', 'linecache', 'inspect', 'numpy.ma.core', 'numpy.ma.extras', 'numpy.ma', 'numpy', '_string', 'string', 'markupsafe._speedups', 'markupsafe', 'zlib', '_compression', '_bz2', 'bz2', '_lzma', 'lzma', 'shutil', 'tempfile', 'jinja2._compat', 'jinja2.utils', 'jinja2.bccache', 'jinja2.nodes', 'jinja2.exceptions', 'jinja2.visitor', 'jinja2.idtracking', 'jinja2.optimizer', '__future__', 'jinja2.compiler', 'jinja2.runtime', 'jinja2.filters', '_decimal', 'decimal', 'jinja2.tests', 'jinja2.defaults', 'unicodedata', 'jinja2._identifier', 'jinja2.lexer', 'jinja2.parser', 'jinja2.environment', 'jinja2.loaders', 'jinja2', 'socketserver', 'http', 'copy', 'email', 'locale', 'calendar', 'email._parseaddr', 'email.base64mime', 'email.quoprimime', 'email.errors', 'quopri', 'email.encoders', 'email.charset', 'email.utils', 'html.entities', 'html', 'email.header', 'email._policybase', 'email.feedparser', 'email.parser', 'uu', 'email._encoded_words', 'email.iterators', 'email.message', '_ssl', 'ssl', 'http.client', 'mimetypes', 'http.server', 'traceback', 'atexit', 'logging', 'werkzeug._internal', 'werkzeug.exceptions', 'werkzeug.urls', 'colorama.ansi', 'ctypes.wintypes', 'colorama.win32', 'colorama.winterm', 'colorama.ansitowin32', 'colorama.initialise', 'colorama', 'werkzeug.serving', 'urllib.response', 'urllib.error', 'nturl2path', 'urllib.request', 'http.cookiejar', 'werkzeug.filesystem', 'werkzeug.http', 'werkzeug.datastructures', 'werkzeug.sansio', 'dataclasses', 'werkzeug.sansio.multipart', 'pkgutil', 'werkzeug.security', 'werkzeug.sansio.utils', 'werkzeug.wsgi', 'werkzeug.utils', 'werkzeug.wrappers.accept', 'werkzeug.wrappers.auth', 'werkzeug.formparser', 'werkzeug.user_agent', 'werkzeug.useragents', 'werkzeug.sansio.request', 'werkzeug.wrappers.request', 'werkzeug.wrappers.base_request', 'werkzeug.sansio.response', 'werkzeug.wrappers.response', 'werkzeug.wrappers.base_response', 'werkzeug.wrappers.common_descriptors', 'werkzeug.wrappers.etag', 'werkzeug.wrappers.user_agent', 'werkzeug.wrappers', 'werkzeug.test', 'werkzeug', '_uuid', 'uuid', 'itsdangerous._json', 'itsdangerous.exc', 'itsdangerous.encoding', 'itsdangerous.signer', 'itsdangerous.serializer', 'itsdangerous.jws', 'itsdangerous.timed', 'itsdangerous.url_safe', 'itsdangerous', 'flask._compat', 'greenlet._greenlet', 'greenlet', '_contextvars', 'contextvars', 'werkzeug.local', 'flask.globals', 'flask.json', 'difflib', 'pprint', 'werkzeug.routing', 'gettext', 'click._winconsole', 'click._compat', 'click.globals', 'click.utils', 'click.exceptions', 'click.types', 'click._unicodefun', 'click.parser', 'click.formatting', 'click.termui', 'click.core', 'click.decorators', 'click', 'flask.signals', 'flask.helpers', 'flask.cli', 'flask.config', 'flask.ctx', 'flask.logging', 'flask.json.tag', 'flask.sessions', 'flask.templating', 'werkzeug.wrappers.json', 'flask.wrappers', 'flask.app', 'flask.blueprints', 'flask', 'lightgbm', 'lightgbm.basic', 'scipy._lib._testutils', 'scipy._lib', 'scipy._lib.deprecation', 'scipy.__config__', 'scipy.version', 'glob', 'scipy._distributor_init', 'scipy._lib._pep440', 'scipy._lib._ccallback_c', 'scipy._lib._ccallback', 'scipy', 'scipy._lib._util', 'scipy.sparse.sputils', 'scipy.sparse.base', 'scipy.sparse._sparsetools', 'scipy.sparse.data', 'scipy.sparse.dia', 'scipy.sparse._index', 'scipy.sparse.compressed', 'scipy.sparse.csr', 'scipy.sparse.csc', 'scipy.sparse._csparsetools', 'scipy.sparse.lil', 'scipy.sparse.dok', 'scipy.sparse.coo', 'scipy.sparse.bsr', 'scipy.sparse.construct', 'scipy.sparse.extract', 'scipy.sparse._matrix_io', 'scipy.sparse.csgraph._laplacian', '_cython_0_29_25', 'scipy.sparse.csgraph._tools', 'scipy.sparse.csgraph._validation', 'scipy.sparse.csgraph._shortest_path', 'scipy.sparse.csgraph._traversal', 'scipy.sparse.csgraph._min_spanning_tree', 'scipy.sparse.csgraph._flow', 'scipy.sparse.csgraph._matching', 'scipy.sparse.csgraph._reordering', 'scipy.sparse.csgraph', 'scipy.sparse', 'lightgbm.compat', 'pytz.exceptions', 'pytz.lazy', 'pytz.tzinfo', 'pytz.tzfile', 'pytz', 'dateutil._version', 'dateutil', 'pandas._typing', '_cython_0_29_28', 'pandas._libs.tslibs.dtypes', 'pandas._libs.tslibs.base', 'pandas._libs.tslibs.np_datetime', 'pandas._libs.tslibs.nattype', 'six', 'six.moves', 'dateutil.tz._common', 'dateutil.tz._factories', 'dateutil.tz.win', 'dateutil.tz.tz', 'dateutil.tz', 'pandas._libs.tslibs.timezones', 'pandas._libs.tslibs.ccalendar', 'pandas._libs.tslibs.tzconversion', 'pandas._config.config', 'pandas._config.dates', 'pandas._config.display', 'pandas._config', 'pandas._config.localization', 'pandas._libs.tslibs.strptime', 'pandas._libs.tslibs.fields', 'pandas._libs.tslibs.timedeltas', 'pandas._libs.tslibs.timestamps', 'dateutil.easter', 'dateutil._common', 'dateutil.relativedelta', 'pandas._libs.properties', 'pandas._libs.tslibs.offsets', 'dateutil.parser._parser', 'dateutil.parser.isoparser', 'dateutil.parser', 'pandas._libs.tslibs.parsing', 'pandas._libs.tslibs.conversion', 'pandas._libs.tslibs.period', 'pandas._libs.tslibs.vectorized', 'pandas._libs.tslibs', 'pandas._libs.ops_dispatch', 'pandas._libs.missing', 'pandas._libs.hashtable', 'pandas._libs.algos', 'pandas._libs.interval', 'pandas._libs', 'pandas.util._decorators', 'pandas.core', 'pandas.core.util', 'pandas._libs.tslib', 'pandas._libs.lib', 'pandas._libs.hashing', 'pandas.core.dtypes', 'pandas.util._exceptions', 'pandas.errors', 'pandas.core.dtypes.generic', 'pandas.core.dtypes.base', 'pandas.core.dtypes.inference', 'pandas.core.dtypes.dtypes', 'pandas.core.dtypes.common', 'pandas.core.util.hashing', 'pandas.util', 'pandas.util.version', 'pandas.compat.numpy', 'pandas.compat.pyarrow', 'pandas.compat', 'pandas.core.config_init', 'pandas.core.dtypes.missing', 'pandas.util._validators', 'pandas.core.dtypes.cast', 'pandas.core.dtypes.concat', 'pandas.core.array_algos', 'pandas.core.common', 'pandas.core.construction', 'pandas.core.array_algos.take', 'pandas.core.indexers.utils', 'pandas.core.indexers', 'pandas.core.algorithms', 'pandas.compat.numpy.function', 'pandas.core.roperator', 'pandas._libs.ops', 'pandas.core.computation', 'pandas.compat._optional', 'numexpr.interpreter', 'packaging.__about__', 'packaging', 'packaging._structures', 'packaging.version', 'numexpr.expressions', 'numexpr.utils', 'numexpr.necompiler', 'numexpr.version', 'numexpr', 'pandas.core.computation.check', 'pandas.core.computation.expressions', 'pandas.core.ops.missing', 'pandas.core.ops.dispatch', 'pandas.core.ops.invalid', 'pandas.core.ops.array_ops', 'pandas.core.ops.common', 'pandas.core.ops.docstrings', 'pandas.core.ops.mask_ops', 'pandas.core.ops.methods', 'pandas.core.ops', 'pandas.core.arraylike', 'pandas.core.missing', 'pandas.core.array_algos.quantile', 'pandas.core.sorting', 'pandas.core.arrays.base', 'bottleneck.benchmark', 'gc', 'timeit', 'bottleneck.benchmark.autotimeit', 'bottleneck.benchmark.bench', 'bottleneck.benchmark.bench_detailed', 'bottleneck.tests', 'bottleneck.tests.util', 'bottleneck.slow.reduce', 'bottleneck.slow.nonreduce', 'bottleneck.slow.nonreduce_axis', 'bottleneck.slow.move', 'bottleneck.slow', 'bottleneck._pytesttester', 'bottleneck.move', 'bottleneck.nonreduce', 'bottleneck.nonreduce_axis', 'bottleneck.reduce', 'bottleneck._version', 'bottleneck', 'pandas.core.nanops', 'pandas.core.array_algos.masked_reductions', 'pandas.core.arrays.masked', 'pandas.core.arrays.boolean', '_csv', 'csv', 'pandas._libs.arrays', 'pandas.core.accessor', 'pandas.core.array_algos.transforms', 'pandas.core.arrays._mixins', 'pandas.core.base', 'pandas.core.strings.accessor', 'pandas.core.strings.base', 'pandas.core.strings', 'pandas.core.strings.object_array', 'pandas.io', 'pandas.io.formats', 'pandas.io.formats.console', 'pandas.core.arrays.categorical', 'pandas.tseries', 'pandas.tseries.frequencies', 'pandas.core.arrays.datetimelike', 'pandas.core.arrays._ranges', 'pandas.core.arrays.numeric', 'pandas.core.tools', 'pandas.core.tools.numeric', 'pandas.core.arrays.integer', 'pandas.tseries.offsets', 'pandas.core.arrays.datetimes', 'pandas.core.arrays.floating', 'pandas.core.indexes', 'pandas._libs.index', 'pandas._libs.join', 'pandas.core.array_algos.putmask', 'pandas._libs.sparse', 'pandas.core.arrays.sparse.dtype', 'pandas.io.formats.printing', 'pandas.core.arrays.sparse.array', 'pandas.core.arrays.sparse.accessor', 'pandas.core.arrays.sparse', 'pandas.core.indexes.frozen', 'pandas.core.indexes.base', 'pandas.core.arrays.interval', 'pandas.core.arrays.numpy_', 'pandas.core.arrays.period', 'pandas.core.arrays.string_', 'pandas.core.arrays.string_arrow', 'pandas.core.arrays.timedeltas', 'pandas.core.arrays', 'pandas.core.flags', 'pandas._libs.reduction', 'pandas.core.apply', 'pandas._libs.indexing', 'pandas.core.indexes.extension', 'pandas.core.indexes.category', 'pandas.core.indexes.numeric', 'pandas.core.indexes.range', 'pandas.core.tools.timedeltas', 'pandas.core.indexes.datetimelike', 'pandas.core.tools.times', 'pandas.core.indexes.datetimes', 'pandas.core.indexes.multi', 'pandas.core.indexes.timedeltas', 'pandas.core.indexes.interval', 'pandas.core.indexes.period', 'pandas.core.indexes.api', 'pandas.core.indexing', 'pandas.core.array_algos.replace', 'pandas.core.reshape', 'pandas._libs.internals', 'pandas._libs.writers', 'pandas.core.internals.blocks', 'pandas.core.internals.api', 'pandas.core.internals.base', 'pandas.core.internals.array_manager', 'pandas.core.internals.ops', 'pandas.core.internals.managers', 'pandas.core.internals.concat', 'pandas.core.internals', 'pandas.core.reshape.concat', 'gzip', 'mmap', 'zipfile', 'pandas.core.shared_docs', 'pandas.io.common', 'pandas.io.formats.format', 'pandas.core.describe', 'pandas.core.internals.construction', 'pandas.core.sample', 'pandas._libs.window', 'pandas._libs.window.aggregations', 'pandas._libs.window.indexers', 'pandas.core.indexers.objects', 'pandas.core.util.numba_', 'pandas.core.window.common', 'pandas.core.window.doc', 'pandas.core.window.numba_', 'pandas.core.window.online', 'pandas.core._numba', 'pandas.core._numba.executor', 'pandas.core.window.rolling', 'pandas.core.window.ewm', 'pandas.core.window.expanding', 'pandas.core.window', 'pandas.core.generic', 'pandas.core.reshape.util', 'pandas.core.reshape.melt', 'pandas._libs.reshape', 'pandas.core.indexes.accessors', 'pandas.arrays', 'pandas.core.tools.datetimes', 'pandas.io.formats.info', 'pandas.plotting._core', 'pandas.plotting._misc', 'pandas.plotting', 'pandas.core.series', 'pandas.core.frame', 'pandas.core.groupby.base', 'pandas._libs.groupby', 'pandas.core.groupby.numba_', 'pandas.core.groupby.categorical', 'pandas.core.groupby.grouper', 'pandas.core.groupby.ops', 'pandas.core.groupby.indexing', 'pandas.core.groupby.groupby', 'pandas.core.groupby.generic', 'pandas.core.groupby', 'pandas.core.api', 'pandas.tseries.api', 'pandas.core.computation.common', 'pandas.core.computation.align', 'pandas.compat.chainmap', 'pandas.core.computation.scope', 'pandas.core.computation.ops', 'pandas.core.computation.parsing', 'pandas.core.computation.expr', 'pandas.core.computation.engines', 'pandas.core.computation.eval', 'pandas.core.computation.api', 'pandas.core.reshape.merge', 'pandas.core.reshape.pivot', 'pandas.core.reshape.reshape', 'pandas.core.reshape.tile', 'pandas.core.reshape.api', 'pandas.api.extensions', 'pandas.api.indexers', 'pandas.core.dtypes.api', 'pandas.api.types', 'pandas.api', 'pandas._testing._random', 'pandas._testing.contexts', 'pandas._testing._io', 'pandas._testing._warnings', 'cmath', 'pandas._libs.testing', 'pandas._testing.asserters', 'pandas._testing.compat', 'pandas._testing', 'pandas.testing', 'pandas.util._print_versions', 'pandas.io.clipboards', 'pandas._libs.parsers', 'pandas.io.excel._util', 'pandas.io.date_converters', 'pandas.io.parsers.base_parser', 'pandas.io.parsers.arrow_parser_wrapper', 'pandas.io.parsers.c_parser_wrapper', 'pandas.io.parsers.python_parser', 'pandas.io.parsers.readers', 'pandas.io.parsers', 'pandas.io.excel._odfreader', 'pandas.io.excel._openpyxl', 'pandas.io.excel._pyxlsb', 'pandas.io.excel._xlrd', 'pandas.io.excel._base', 'pandas._libs.json', 'pandas.io.formats._color_data', 'pandas.io.formats.css', 'pandas.io.formats.excel', 'pandas.io.excel._odswriter', 'pandas.io.excel._xlsxwriter', 'pandas.io.excel._xlwt', 'pandas.io.excel', 'pandas.io.feather_format', 'pandas.io.gbq', 'pandas.io.html', 'pandas.io.json._normalize', 'pandas.io.json._table_schema', 'pandas.io.json._json', 'pandas.io.json', 'pandas.io.orc', 'pandas.io.parquet', 'pandas.compat.pickle_compat', 'pandas.io.pickle', 'pandas.core.computation.pytables', 'pandas.io.pytables', 'pandas.io.sas.sasreader', 'pandas.io.sas', 'pandas.io.spss', 'pandas.io.sql', 'pandas.io.stata', 'pandas.io.xml', 'pandas.io.api', 'pandas.util._tester', 'pandas._version', 'pandas', 'matplotlib', 'matplotlib._api.deprecation', 'matplotlib._api', 'matplotlib._version', 'shlex', 'matplotlib._c_internal_utils', 'matplotlib.cbook', 'matplotlib.docstring', 'PIL._version', 'PIL', 'xml', 'xml.parsers', 'pyexpat.errors', 'pyexpat.model', 'pyexpat', 'xml.parsers.expat.model', 'xml.parsers.expat.errors', 'xml.parsers.expat', 'defusedxml.common', 'defusedxml', 'xml.etree', 'xml.etree.ElementPath', '_elementtree', 'xml.etree.ElementTree', 'defusedxml.ElementTree', 'PIL.ImageMode', 'PIL.TiffTags', 'PIL._binary', 'PIL._util', 'PIL._imaging', 'cffi.lock', 'cffi.error', 'cffi.model', 'cffi.api', 'cffi', 'PIL.Image', 'PIL.ImageChops', 'PIL.ImageFile', 'array', 'PIL.GimpGradientFile', 'PIL.GimpPaletteFile', 'PIL.ImageColor', 'PIL.PaletteFile', 'PIL.ImagePalette', 'PIL.ImageSequence', 'PIL.PngImagePlugin', 'matplotlib._path', 'matplotlib.bezier', 'matplotlib.path', 'matplotlib.transforms', 'matplotlib.ticker', 'matplotlib.scale', 'matplotlib._color_data', 'matplotlib.colors', 'pyparsing.util', 'pyparsing.unicode', 'pyparsing.exceptions', 'pyparsing.actions', 'pyparsing.results', 'pyparsing.core', 'pyparsing.helpers', 'pyparsing.testing', 'pyparsing.common', 'pyparsing', 'matplotlib.fontconfig_pattern', 'matplotlib._enums', 'cycler', 'matplotlib.rcsetup', 'matplotlib.ft2font', 'kiwisolver._cext', 'kiwisolver']
2022-06-30 13:17:11,563:DEBUG: prediction function loaded 
2022-06-30 13:17:11,580:WARNING: * Debugger is active!
2022-06-30 13:17:11,580:INFO: * Debugger PIN: 445-806-384
2022-06-30 13:17:11,656:INFO: * Running on http://127.0.0.1:5000/ (Press CTRL+C to quit)
2022-06-30 13:17:16,307:INFO:127.0.0.1 - - [30/Jun/2022 13:17:16] "GET / HTTP/1.1" 200 -
2022-06-30 13:17:16,453:INFO:127.0.0.1 - - [30/Jun/2022 13:17:16] "[36mGET /static/css/neumorphism.css HTTP/1.1[0m" 304 -
2022-06-30 13:17:17,805:INFO:127.0.0.1 - - [30/Jun/2022 13:17:17] "[33mGET /favicon.ico HTTP/1.1[0m" 404 -
2022-06-30 13:18:12,287:INFO:127.0.0.1 - - [30/Jun/2022 13:18:12] "POST /result HTTP/1.1" 200 -
